[2022-02-11 21:12:53,400] INFO Reading configuration from: .\config\zookeeper.properties (org.apache.zookeeper.server.quorum.QuorumPeerConfig)
[2022-02-11 21:12:53,444] INFO clientPortAddress is 0.0.0.0:2181 (org.apache.zookeeper.server.quorum.QuorumPeerConfig)
[2022-02-11 21:12:53,450] INFO secureClientPort is not set (org.apache.zookeeper.server.quorum.QuorumPeerConfig)
[2022-02-11 21:12:53,459] INFO observerMasterPort is not set (org.apache.zookeeper.server.quorum.QuorumPeerConfig)
[2022-02-11 21:12:53,462] INFO metricsProvider.className is org.apache.zookeeper.metrics.impl.DefaultMetricsProvider (org.apache.zookeeper.server.quorum.QuorumPeerConfig)
[2022-02-11 21:12:53,480] INFO autopurge.snapRetainCount set to 3 (org.apache.zookeeper.server.DatadirCleanupManager)
[2022-02-11 21:12:53,491] INFO autopurge.purgeInterval set to 0 (org.apache.zookeeper.server.DatadirCleanupManager)
[2022-02-11 21:12:53,493] INFO Purge task is not scheduled. (org.apache.zookeeper.server.DatadirCleanupManager)
[2022-02-11 21:12:53,500] WARN Either no config or no quorum defined in config, running in standalone mode (org.apache.zookeeper.server.quorum.QuorumPeerMain)
[2022-02-11 21:12:53,524] INFO Log4j 1.2 jmx support found and enabled. (org.apache.zookeeper.jmx.ManagedUtil)
[2022-02-11 21:12:53,578] INFO Reading configuration from: .\config\zookeeper.properties (org.apache.zookeeper.server.quorum.QuorumPeerConfig)
[2022-02-11 21:12:53,581] INFO clientPortAddress is 0.0.0.0:2181 (org.apache.zookeeper.server.quorum.QuorumPeerConfig)
[2022-02-11 21:12:53,588] INFO secureClientPort is not set (org.apache.zookeeper.server.quorum.QuorumPeerConfig)
[2022-02-11 21:12:53,589] INFO observerMasterPort is not set (org.apache.zookeeper.server.quorum.QuorumPeerConfig)
[2022-02-11 21:12:53,592] INFO metricsProvider.className is org.apache.zookeeper.metrics.impl.DefaultMetricsProvider (org.apache.zookeeper.server.quorum.QuorumPeerConfig)
[2022-02-11 21:12:53,595] INFO Starting server (org.apache.zookeeper.server.ZooKeeperServerMain)
[2022-02-11 21:12:53,673] INFO ServerMetrics initialized with provider org.apache.zookeeper.metrics.impl.DefaultMetricsProvider@68837a77 (org.apache.zookeeper.server.ServerMetrics)
[2022-02-11 21:12:53,686] INFO zookeeper.snapshot.trust.empty : false (org.apache.zookeeper.server.persistence.FileTxnSnapLog)
[2022-02-11 21:12:53,734] INFO  (org.apache.zookeeper.server.ZooKeeperServer)
[2022-02-11 21:12:53,735] INFO   ______                  _                                           (org.apache.zookeeper.server.ZooKeeperServer)
[2022-02-11 21:12:53,736] INFO  |___  /                 | |                                          (org.apache.zookeeper.server.ZooKeeperServer)
[2022-02-11 21:12:53,737] INFO     / /    ___     ___   | | __   ___    ___   _ __     ___   _ __    (org.apache.zookeeper.server.ZooKeeperServer)
[2022-02-11 21:12:53,739] INFO    / /    / _ \   / _ \  | |/ /  / _ \  / _ \ | '_ \   / _ \ | '__| (org.apache.zookeeper.server.ZooKeeperServer)
[2022-02-11 21:12:53,740] INFO   / /__  | (_) | | (_) | |   <  |  __/ |  __/ | |_) | |  __/ | |     (org.apache.zookeeper.server.ZooKeeperServer)
[2022-02-11 21:12:53,741] INFO  /_____|  \___/   \___/  |_|\_\  \___|  \___| | .__/   \___| |_| (org.apache.zookeeper.server.ZooKeeperServer)
[2022-02-11 21:12:53,741] INFO                                               | |                      (org.apache.zookeeper.server.ZooKeeperServer)
[2022-02-11 21:12:53,742] INFO                                               |_|                      (org.apache.zookeeper.server.ZooKeeperServer)
[2022-02-11 21:12:53,743] INFO  (org.apache.zookeeper.server.ZooKeeperServer)
[2022-02-11 21:13:02,766] INFO Server environment:zookeeper.version=3.6.3--6401e4ad2087061bc6b9f80dec2d69f2e3c8660a, built on 04/08/2021 16:35 GMT (org.apache.zookeeper.server.ZooKeeperServer)
[2022-02-11 21:13:02,769] INFO Server environment:host.name=LAPTOP-MFKMVRTB (org.apache.zookeeper.server.ZooKeeperServer)
[2022-02-11 21:13:02,770] INFO Server environment:java.version=1.8.0_302 (org.apache.zookeeper.server.ZooKeeperServer)
[2022-02-11 21:13:02,772] INFO Server environment:java.vendor=Temurin (org.apache.zookeeper.server.ZooKeeperServer)
[2022-02-11 21:13:02,773] INFO Server environment:java.home=C:\Program Files\Eclipse Foundation\jdk-8.0.302.8-hotspot\jre (org.apache.zookeeper.server.ZooKeeperServer)
[2022-02-11 21:13:02,774] INFO Server environment:java.class.path=C:\kafka\libs\activation-1.1.1.jar;C:\kafka\libs\aopalliance-repackaged-2.6.1.jar;C:\kafka\libs\argparse4j-0.7.0.jar;C:\kafka\libs\audience-annotations-0.5.0.jar;C:\kafka\libs\commons-cli-1.4.jar;C:\kafka\libs\commons-lang3-3.8.1.jar;C:\kafka\libs\connect-api-3.1.0.jar;C:\kafka\libs\connect-basic-auth-extension-3.1.0.jar;C:\kafka\libs\connect-file-3.1.0.jar;C:\kafka\libs\connect-json-3.1.0.jar;C:\kafka\libs\connect-mirror-3.1.0.jar;C:\kafka\libs\connect-mirror-client-3.1.0.jar;C:\kafka\libs\connect-runtime-3.1.0.jar;C:\kafka\libs\connect-transforms-3.1.0.jar;C:\kafka\libs\hk2-api-2.6.1.jar;C:\kafka\libs\hk2-locator-2.6.1.jar;C:\kafka\libs\hk2-utils-2.6.1.jar;C:\kafka\libs\jackson-annotations-2.12.3.jar;C:\kafka\libs\jackson-core-2.12.3.jar;C:\kafka\libs\jackson-databind-2.12.3.jar;C:\kafka\libs\jackson-dataformat-csv-2.12.3.jar;C:\kafka\libs\jackson-datatype-jdk8-2.12.3.jar;C:\kafka\libs\jackson-jaxrs-base-2.12.3.jar;C:\kafka\libs\jackson-jaxrs-json-provider-2.12.3.jar;C:\kafka\libs\jackson-module-jaxb-annotations-2.12.3.jar;C:\kafka\libs\jackson-module-scala_2.12-2.12.3.jar;C:\kafka\libs\jakarta.activation-api-1.2.1.jar;C:\kafka\libs\jakarta.annotation-api-1.3.5.jar;C:\kafka\libs\jakarta.inject-2.6.1.jar;C:\kafka\libs\jakarta.validation-api-2.0.2.jar;C:\kafka\libs\jakarta.ws.rs-api-2.1.6.jar;C:\kafka\libs\jakarta.xml.bind-api-2.3.2.jar;C:\kafka\libs\javassist-3.27.0-GA.jar;C:\kafka\libs\javax.servlet-api-3.1.0.jar;C:\kafka\libs\javax.ws.rs-api-2.1.1.jar;C:\kafka\libs\jaxb-api-2.3.0.jar;C:\kafka\libs\jersey-client-2.34.jar;C:\kafka\libs\jersey-common-2.34.jar;C:\kafka\libs\jersey-container-servlet-2.34.jar;C:\kafka\libs\jersey-container-servlet-core-2.34.jar;C:\kafka\libs\jersey-hk2-2.34.jar;C:\kafka\libs\jersey-server-2.34.jar;C:\kafka\libs\jetty-client-9.4.43.v20210629.jar;C:\kafka\libs\jetty-continuation-9.4.43.v20210629.jar;C:\kafka\libs\jetty-http-9.4.43.v20210629.jar;C:\kafka\libs\jetty-io-9.4.43.v20210629.jar;C:\kafka\libs\jetty-security-9.4.43.v20210629.jar;C:\kafka\libs\jetty-server-9.4.43.v20210629.jar;C:\kafka\libs\jetty-servlet-9.4.43.v20210629.jar;C:\kafka\libs\jetty-servlets-9.4.43.v20210629.jar;C:\kafka\libs\jetty-util-9.4.43.v20210629.jar;C:\kafka\libs\jetty-util-ajax-9.4.43.v20210629.jar;C:\kafka\libs\jline-3.12.1.jar;C:\kafka\libs\jopt-simple-5.0.4.jar;C:\kafka\libs\jose4j-0.7.8.jar;C:\kafka\libs\kafka-clients-3.1.0.jar;C:\kafka\libs\kafka-log4j-appender-3.1.0.jar;C:\kafka\libs\kafka-metadata-3.1.0.jar;C:\kafka\libs\kafka-raft-3.1.0.jar;C:\kafka\libs\kafka-server-common-3.1.0.jar;C:\kafka\libs\kafka-shell-3.1.0.jar;C:\kafka\libs\kafka-storage-3.1.0.jar;C:\kafka\libs\kafka-storage-api-3.1.0.jar;C:\kafka\libs\kafka-streams-3.1.0.jar;C:\kafka\libs\kafka-streams-examples-3.1.0.jar;C:\kafka\libs\kafka-streams-scala_2.12-3.1.0.jar;C:\kafka\libs\kafka-streams-test-utils-3.1.0.jar;C:\kafka\libs\kafka-tools-3.1.0.jar;C:\kafka\libs\kafka_2.12-3.1.0.jar;C:\kafka\libs\log4j-1.2.17.jar;C:\kafka\libs\lz4-java-1.8.0.jar;C:\kafka\libs\maven-artifact-3.8.1.jar;C:\kafka\libs\metrics-core-2.2.0.jar;C:\kafka\libs\metrics-core-4.1.12.1.jar;C:\kafka\libs\netty-buffer-4.1.68.Final.jar;C:\kafka\libs\netty-codec-4.1.68.Final.jar;C:\kafka\libs\netty-common-4.1.68.Final.jar;C:\kafka\libs\netty-handler-4.1.68.Final.jar;C:\kafka\libs\netty-resolver-4.1.68.Final.jar;C:\kafka\libs\netty-transport-4.1.68.Final.jar;C:\kafka\libs\netty-transport-native-epoll-4.1.68.Final.jar;C:\kafka\libs\netty-transport-native-unix-common-4.1.68.Final.jar;C:\kafka\libs\osgi-resource-locator-1.0.3.jar;C:\kafka\libs\paranamer-2.8.jar;C:\kafka\libs\plexus-utils-3.2.1.jar;C:\kafka\libs\reflections-0.9.12.jar;C:\kafka\libs\rocksdbjni-6.22.1.1.jar;C:\kafka\libs\scala-collection-compat_2.12-2.4.4.jar;C:\kafka\libs\scala-java8-compat_2.12-1.0.0.jar;C:\kafka\libs\scala-library-2.12.14.jar;C:\kafka\libs\scala-logging_2.12-3.9.3.jar;C:\kafka\libs\scala-reflect-2.12.14.jar;C:\kafka\libs\slf4j-api-1.7.30.jar;C:\kafka\libs\slf4j-log4j12-1.7.30.jar;C:\kafka\libs\snappy-java-1.1.8.4.jar;C:\kafka\libs\trogdor-3.1.0.jar;C:\kafka\libs\zookeeper-3.6.3.jar;C:\kafka\libs\zookeeper-jute-3.6.3.jar;C:\kafka\libs\zstd-jni-1.5.0-4.jar (org.apache.zookeeper.server.ZooKeeperServer)
[2022-02-11 21:13:02,786] INFO Server environment:java.library.path=C:\Program Files\Eclipse Foundation\jdk-8.0.302.8-hotspot\bin;C:\WINDOWS\Sun\Java\bin;C:\WINDOWS\system32;C:\WINDOWS;C:\Program Files\Eclipse Foundation\jdk-8.0.302.8-hotspot\bin;C:\Program Files (x86)\Common Files\Oracle\Java\javapath;C:\Program Files\Java\jdk-11.0.5\bin;C:\Windows\system32;C:\Windows;C:\Windows\System32\Wbem;C:\Windows\System32\WindowsPowerShell\v1.0\;C:\Windows\System32\OpenSSH\;C:\Program Files (x86)\NVIDIA Corporation\PhysX\Common;C:\Program Files\NVIDIA Corporation\NVIDIA NvDLISR;C:\Program Files\Git\cmd;C:\WINDOWS\system32;C:\WINDOWS;C:\WINDOWS\System32\Wbem;C:\WINDOWS\System32\WindowsPowerShell\v1.0\;C:\WINDOWS\System32\OpenSSH\;C:\Program Files\Microsoft SQL Server\Client SDK\ODBC\170\Tools\Binn\;C:\Program Files (x86)\Microsoft SQL Server\150\Tools\Binn\;C:\Program Files\Microsoft SQL Server\150\Tools\Binn\;C:\Program Files\Microsoft SQL Server\150\DTS\Binn\;C:\Program Files (x86)\Microsoft SQL Server\150\DTS\Binn\;C:\Program Files\Azure Data Studio\bin;C:\Program Files\nodejs\;C:\Program Files (x86)\Yarn\bin\;C:\Program Files\swipl\bin;C:\Program Files\Docker\Docker\resources\bin;C:\ProgramData\DockerDesktop\version-bin;C:\Gradle\gradle-6.9.1\bin;C:\Program Files (x86)\ChromeDriver;C:\Program Files (x86)\ChromeDriver;C:\Ruby27-x64\bin;C:\Users\hzM\AppData\Local\Programs\Python\Python37\Scripts\;C:\Users\hzM\AppData\Local\Programs\Python\Python37\;C:\Users\hzM\AppData\Local\Microsoft\WindowsApps;C:\Users\hzM\AppData\Local\Programs\Microsoft VS Code\bin;C:\Program Files\mingw-w64\x86_64-8.1.0-posix-seh-rt_v6-rev0\mingw64\bin;C:\Program Files (x86)\Nmap;C:\Program Files\Azure Data Studio\bin;C:\Users\hzM\AppData\Roaming\npm;C:\Users\hzM\AppData\Local\Yarn\bin;C:\Users\hzM\AppData\Local\Programs\Azure Data Studio\bin;C:\Program Files\heroku\bin;;. (org.apache.zookeeper.server.ZooKeeperServer)
[2022-02-11 21:13:02,792] INFO Server environment:java.io.tmpdir=C:\Users\hzM\AppData\Local\Temp\ (org.apache.zookeeper.server.ZooKeeperServer)
[2022-02-11 21:13:02,794] INFO Server environment:java.compiler=<NA> (org.apache.zookeeper.server.ZooKeeperServer)
[2022-02-11 21:13:02,795] INFO Server environment:os.name=Windows 10 (org.apache.zookeeper.server.ZooKeeperServer)
[2022-02-11 21:13:02,796] INFO Server environment:os.arch=amd64 (org.apache.zookeeper.server.ZooKeeperServer)
[2022-02-11 21:13:02,797] INFO Server environment:os.version=10.0 (org.apache.zookeeper.server.ZooKeeperServer)
[2022-02-11 21:13:02,798] INFO Server environment:user.name=hzM (org.apache.zookeeper.server.ZooKeeperServer)
[2022-02-11 21:13:02,801] INFO Server environment:user.home=C:\Users\hzM (org.apache.zookeeper.server.ZooKeeperServer)
[2022-02-11 21:13:02,803] INFO Server environment:user.dir=C:\kafka (org.apache.zookeeper.server.ZooKeeperServer)
[2022-02-11 21:13:02,804] INFO Server environment:os.memory.free=492MB (org.apache.zookeeper.server.ZooKeeperServer)
[2022-02-11 21:13:02,805] INFO Server environment:os.memory.max=512MB (org.apache.zookeeper.server.ZooKeeperServer)
[2022-02-11 21:13:02,806] INFO Server environment:os.memory.total=512MB (org.apache.zookeeper.server.ZooKeeperServer)
[2022-02-11 21:13:02,808] INFO zookeeper.enableEagerACLCheck = false (org.apache.zookeeper.server.ZooKeeperServer)
[2022-02-11 21:13:02,809] INFO zookeeper.digest.enabled = true (org.apache.zookeeper.server.ZooKeeperServer)
[2022-02-11 21:13:02,810] INFO zookeeper.closeSessionTxn.enabled = true (org.apache.zookeeper.server.ZooKeeperServer)
[2022-02-11 21:13:02,812] INFO zookeeper.flushDelay=0 (org.apache.zookeeper.server.ZooKeeperServer)
[2022-02-11 21:13:02,814] INFO zookeeper.maxWriteQueuePollTime=0 (org.apache.zookeeper.server.ZooKeeperServer)
[2022-02-11 21:13:02,815] INFO zookeeper.maxBatchSize=1000 (org.apache.zookeeper.server.ZooKeeperServer)
[2022-02-11 21:13:02,815] INFO zookeeper.intBufferStartingSizeBytes = 1024 (org.apache.zookeeper.server.ZooKeeperServer)
[2022-02-11 21:13:02,823] INFO Weighed connection throttling is disabled (org.apache.zookeeper.server.BlueThrottle)
[2022-02-11 21:13:02,830] INFO minSessionTimeout set to 6000 (org.apache.zookeeper.server.ZooKeeperServer)
[2022-02-11 21:13:02,831] INFO maxSessionTimeout set to 60000 (org.apache.zookeeper.server.ZooKeeperServer)
[2022-02-11 21:13:02,838] INFO Response cache size is initialized with value 400. (org.apache.zookeeper.server.ResponseCache)
[2022-02-11 21:13:02,839] INFO Response cache size is initialized with value 400. (org.apache.zookeeper.server.ResponseCache)
[2022-02-11 21:13:02,844] INFO zookeeper.pathStats.slotCapacity = 60 (org.apache.zookeeper.server.util.RequestPathMetricsCollector)
[2022-02-11 21:13:02,845] INFO zookeeper.pathStats.slotDuration = 15 (org.apache.zookeeper.server.util.RequestPathMetricsCollector)
[2022-02-11 21:13:02,846] INFO zookeeper.pathStats.maxDepth = 6 (org.apache.zookeeper.server.util.RequestPathMetricsCollector)
[2022-02-11 21:13:02,846] INFO zookeeper.pathStats.initialDelay = 5 (org.apache.zookeeper.server.util.RequestPathMetricsCollector)
[2022-02-11 21:13:02,847] INFO zookeeper.pathStats.delay = 5 (org.apache.zookeeper.server.util.RequestPathMetricsCollector)
[2022-02-11 21:13:02,847] INFO zookeeper.pathStats.enabled = false (org.apache.zookeeper.server.util.RequestPathMetricsCollector)
[2022-02-11 21:13:02,859] INFO The max bytes for all large requests are set to 104857600 (org.apache.zookeeper.server.ZooKeeperServer)
[2022-02-11 21:13:02,860] INFO The large request threshold is set to -1 (org.apache.zookeeper.server.ZooKeeperServer)
[2022-02-11 21:13:02,861] INFO Created server with tickTime 3000 minSessionTimeout 6000 maxSessionTimeout 60000 clientPortListenBacklog -1 datadir C:\kafka\zookeeper\version-2 snapdir C:\kafka\zookeeper\version-2 (org.apache.zookeeper.server.ZooKeeperServer)
[2022-02-11 21:13:02,931] INFO Using org.apache.zookeeper.server.NIOServerCnxnFactory as server connection factory (org.apache.zookeeper.server.ServerCnxnFactory)
[2022-02-11 21:13:02,940] WARN maxCnxns is not configured, using default value 0. (org.apache.zookeeper.server.ServerCnxnFactory)
[2022-02-11 21:13:02,946] INFO Configuring NIO connection handler with 10s sessionless connection timeout, 2 selector thread(s), 16 worker threads, and 64 kB direct buffers. (org.apache.zookeeper.server.NIOServerCnxnFactory)
[2022-02-11 21:13:02,955] INFO binding to port 0.0.0.0/0.0.0.0:2181 (org.apache.zookeeper.server.NIOServerCnxnFactory)
[2022-02-11 21:13:02,957] ERROR Unexpected exception, exiting abnormally (org.apache.zookeeper.server.ZooKeeperServerMain)
java.net.BindException: Address already in use: bind
	at sun.nio.ch.Net.bind0(Native Method)
	at sun.nio.ch.Net.bind(Net.java:461)
	at sun.nio.ch.Net.bind(Net.java:453)
	at sun.nio.ch.ServerSocketChannelImpl.bind(ServerSocketChannelImpl.java:222)
	at sun.nio.ch.ServerSocketAdaptor.bind(ServerSocketAdaptor.java:85)
	at sun.nio.ch.ServerSocketAdaptor.bind(ServerSocketAdaptor.java:78)
	at org.apache.zookeeper.server.NIOServerCnxnFactory.configure(NIOServerCnxnFactory.java:676)
	at org.apache.zookeeper.server.ZooKeeperServerMain.runFromConfig(ZooKeeperServerMain.java:158)
	at org.apache.zookeeper.server.ZooKeeperServerMain.initializeAndRun(ZooKeeperServerMain.java:112)
	at org.apache.zookeeper.server.ZooKeeperServerMain.main(ZooKeeperServerMain.java:67)
	at org.apache.zookeeper.server.quorum.QuorumPeerMain.initializeAndRun(QuorumPeerMain.java:140)
	at org.apache.zookeeper.server.quorum.QuorumPeerMain.main(QuorumPeerMain.java:90)
[2022-02-11 21:13:02,974] INFO ZooKeeper audit is disabled. (org.apache.zookeeper.audit.ZKAuditProvider)
[2022-02-11 21:13:02,982] ERROR Exiting JVM with code 1 (org.apache.zookeeper.util.ServiceUtils)
[2022-02-11 21:13:29,959] INFO Reading configuration from: .\config\zookeeper.properties (org.apache.zookeeper.server.quorum.QuorumPeerConfig)
[2022-02-11 21:13:29,990] INFO clientPortAddress is 0.0.0.0:2181 (org.apache.zookeeper.server.quorum.QuorumPeerConfig)
[2022-02-11 21:13:29,991] INFO secureClientPort is not set (org.apache.zookeeper.server.quorum.QuorumPeerConfig)
[2022-02-11 21:13:29,991] INFO observerMasterPort is not set (org.apache.zookeeper.server.quorum.QuorumPeerConfig)
[2022-02-11 21:13:29,994] INFO metricsProvider.className is org.apache.zookeeper.metrics.impl.DefaultMetricsProvider (org.apache.zookeeper.server.quorum.QuorumPeerConfig)
[2022-02-11 21:13:30,007] INFO autopurge.snapRetainCount set to 3 (org.apache.zookeeper.server.DatadirCleanupManager)
[2022-02-11 21:13:30,008] INFO autopurge.purgeInterval set to 0 (org.apache.zookeeper.server.DatadirCleanupManager)
[2022-02-11 21:13:30,010] INFO Purge task is not scheduled. (org.apache.zookeeper.server.DatadirCleanupManager)
[2022-02-11 21:13:30,012] WARN Either no config or no quorum defined in config, running in standalone mode (org.apache.zookeeper.server.quorum.QuorumPeerMain)
[2022-02-11 21:13:30,033] INFO Log4j 1.2 jmx support found and enabled. (org.apache.zookeeper.jmx.ManagedUtil)
[2022-02-11 21:13:30,098] INFO Reading configuration from: .\config\zookeeper.properties (org.apache.zookeeper.server.quorum.QuorumPeerConfig)
[2022-02-11 21:13:30,101] INFO clientPortAddress is 0.0.0.0:2181 (org.apache.zookeeper.server.quorum.QuorumPeerConfig)
[2022-02-11 21:13:30,104] INFO secureClientPort is not set (org.apache.zookeeper.server.quorum.QuorumPeerConfig)
[2022-02-11 21:13:30,106] INFO observerMasterPort is not set (org.apache.zookeeper.server.quorum.QuorumPeerConfig)
[2022-02-11 21:13:30,107] INFO metricsProvider.className is org.apache.zookeeper.metrics.impl.DefaultMetricsProvider (org.apache.zookeeper.server.quorum.QuorumPeerConfig)
[2022-02-11 21:13:30,109] INFO Starting server (org.apache.zookeeper.server.ZooKeeperServerMain)
[2022-02-11 21:13:30,166] INFO ServerMetrics initialized with provider org.apache.zookeeper.metrics.impl.DefaultMetricsProvider@68837a77 (org.apache.zookeeper.server.ServerMetrics)
[2022-02-11 21:13:30,179] INFO zookeeper.snapshot.trust.empty : false (org.apache.zookeeper.server.persistence.FileTxnSnapLog)
[2022-02-11 21:13:30,228] INFO  (org.apache.zookeeper.server.ZooKeeperServer)
[2022-02-11 21:13:30,229] INFO   ______                  _                                           (org.apache.zookeeper.server.ZooKeeperServer)
[2022-02-11 21:13:30,230] INFO  |___  /                 | |                                          (org.apache.zookeeper.server.ZooKeeperServer)
[2022-02-11 21:13:30,231] INFO     / /    ___     ___   | | __   ___    ___   _ __     ___   _ __    (org.apache.zookeeper.server.ZooKeeperServer)
[2022-02-11 21:13:30,231] INFO    / /    / _ \   / _ \  | |/ /  / _ \  / _ \ | '_ \   / _ \ | '__| (org.apache.zookeeper.server.ZooKeeperServer)
[2022-02-11 21:13:30,232] INFO   / /__  | (_) | | (_) | |   <  |  __/ |  __/ | |_) | |  __/ | |     (org.apache.zookeeper.server.ZooKeeperServer)
[2022-02-11 21:13:30,232] INFO  /_____|  \___/   \___/  |_|\_\  \___|  \___| | .__/   \___| |_| (org.apache.zookeeper.server.ZooKeeperServer)
[2022-02-11 21:13:30,233] INFO                                               | |                      (org.apache.zookeeper.server.ZooKeeperServer)
[2022-02-11 21:13:30,234] INFO                                               |_|                      (org.apache.zookeeper.server.ZooKeeperServer)
[2022-02-11 21:13:30,235] INFO  (org.apache.zookeeper.server.ZooKeeperServer)
[2022-02-11 21:13:39,252] INFO Server environment:zookeeper.version=3.6.3--6401e4ad2087061bc6b9f80dec2d69f2e3c8660a, built on 04/08/2021 16:35 GMT (org.apache.zookeeper.server.ZooKeeperServer)
[2022-02-11 21:13:39,253] INFO Server environment:host.name=LAPTOP-MFKMVRTB (org.apache.zookeeper.server.ZooKeeperServer)
[2022-02-11 21:13:39,254] INFO Server environment:java.version=1.8.0_302 (org.apache.zookeeper.server.ZooKeeperServer)
[2022-02-11 21:13:39,255] INFO Server environment:java.vendor=Temurin (org.apache.zookeeper.server.ZooKeeperServer)
[2022-02-11 21:13:39,256] INFO Server environment:java.home=C:\Program Files\Eclipse Foundation\jdk-8.0.302.8-hotspot\jre (org.apache.zookeeper.server.ZooKeeperServer)
[2022-02-11 21:13:39,258] INFO Server environment:java.class.path=C:\kafka\libs\activation-1.1.1.jar;C:\kafka\libs\aopalliance-repackaged-2.6.1.jar;C:\kafka\libs\argparse4j-0.7.0.jar;C:\kafka\libs\audience-annotations-0.5.0.jar;C:\kafka\libs\commons-cli-1.4.jar;C:\kafka\libs\commons-lang3-3.8.1.jar;C:\kafka\libs\connect-api-3.1.0.jar;C:\kafka\libs\connect-basic-auth-extension-3.1.0.jar;C:\kafka\libs\connect-file-3.1.0.jar;C:\kafka\libs\connect-json-3.1.0.jar;C:\kafka\libs\connect-mirror-3.1.0.jar;C:\kafka\libs\connect-mirror-client-3.1.0.jar;C:\kafka\libs\connect-runtime-3.1.0.jar;C:\kafka\libs\connect-transforms-3.1.0.jar;C:\kafka\libs\hk2-api-2.6.1.jar;C:\kafka\libs\hk2-locator-2.6.1.jar;C:\kafka\libs\hk2-utils-2.6.1.jar;C:\kafka\libs\jackson-annotations-2.12.3.jar;C:\kafka\libs\jackson-core-2.12.3.jar;C:\kafka\libs\jackson-databind-2.12.3.jar;C:\kafka\libs\jackson-dataformat-csv-2.12.3.jar;C:\kafka\libs\jackson-datatype-jdk8-2.12.3.jar;C:\kafka\libs\jackson-jaxrs-base-2.12.3.jar;C:\kafka\libs\jackson-jaxrs-json-provider-2.12.3.jar;C:\kafka\libs\jackson-module-jaxb-annotations-2.12.3.jar;C:\kafka\libs\jackson-module-scala_2.12-2.12.3.jar;C:\kafka\libs\jakarta.activation-api-1.2.1.jar;C:\kafka\libs\jakarta.annotation-api-1.3.5.jar;C:\kafka\libs\jakarta.inject-2.6.1.jar;C:\kafka\libs\jakarta.validation-api-2.0.2.jar;C:\kafka\libs\jakarta.ws.rs-api-2.1.6.jar;C:\kafka\libs\jakarta.xml.bind-api-2.3.2.jar;C:\kafka\libs\javassist-3.27.0-GA.jar;C:\kafka\libs\javax.servlet-api-3.1.0.jar;C:\kafka\libs\javax.ws.rs-api-2.1.1.jar;C:\kafka\libs\jaxb-api-2.3.0.jar;C:\kafka\libs\jersey-client-2.34.jar;C:\kafka\libs\jersey-common-2.34.jar;C:\kafka\libs\jersey-container-servlet-2.34.jar;C:\kafka\libs\jersey-container-servlet-core-2.34.jar;C:\kafka\libs\jersey-hk2-2.34.jar;C:\kafka\libs\jersey-server-2.34.jar;C:\kafka\libs\jetty-client-9.4.43.v20210629.jar;C:\kafka\libs\jetty-continuation-9.4.43.v20210629.jar;C:\kafka\libs\jetty-http-9.4.43.v20210629.jar;C:\kafka\libs\jetty-io-9.4.43.v20210629.jar;C:\kafka\libs\jetty-security-9.4.43.v20210629.jar;C:\kafka\libs\jetty-server-9.4.43.v20210629.jar;C:\kafka\libs\jetty-servlet-9.4.43.v20210629.jar;C:\kafka\libs\jetty-servlets-9.4.43.v20210629.jar;C:\kafka\libs\jetty-util-9.4.43.v20210629.jar;C:\kafka\libs\jetty-util-ajax-9.4.43.v20210629.jar;C:\kafka\libs\jline-3.12.1.jar;C:\kafka\libs\jopt-simple-5.0.4.jar;C:\kafka\libs\jose4j-0.7.8.jar;C:\kafka\libs\kafka-clients-3.1.0.jar;C:\kafka\libs\kafka-log4j-appender-3.1.0.jar;C:\kafka\libs\kafka-metadata-3.1.0.jar;C:\kafka\libs\kafka-raft-3.1.0.jar;C:\kafka\libs\kafka-server-common-3.1.0.jar;C:\kafka\libs\kafka-shell-3.1.0.jar;C:\kafka\libs\kafka-storage-3.1.0.jar;C:\kafka\libs\kafka-storage-api-3.1.0.jar;C:\kafka\libs\kafka-streams-3.1.0.jar;C:\kafka\libs\kafka-streams-examples-3.1.0.jar;C:\kafka\libs\kafka-streams-scala_2.12-3.1.0.jar;C:\kafka\libs\kafka-streams-test-utils-3.1.0.jar;C:\kafka\libs\kafka-tools-3.1.0.jar;C:\kafka\libs\kafka_2.12-3.1.0.jar;C:\kafka\libs\log4j-1.2.17.jar;C:\kafka\libs\lz4-java-1.8.0.jar;C:\kafka\libs\maven-artifact-3.8.1.jar;C:\kafka\libs\metrics-core-2.2.0.jar;C:\kafka\libs\metrics-core-4.1.12.1.jar;C:\kafka\libs\netty-buffer-4.1.68.Final.jar;C:\kafka\libs\netty-codec-4.1.68.Final.jar;C:\kafka\libs\netty-common-4.1.68.Final.jar;C:\kafka\libs\netty-handler-4.1.68.Final.jar;C:\kafka\libs\netty-resolver-4.1.68.Final.jar;C:\kafka\libs\netty-transport-4.1.68.Final.jar;C:\kafka\libs\netty-transport-native-epoll-4.1.68.Final.jar;C:\kafka\libs\netty-transport-native-unix-common-4.1.68.Final.jar;C:\kafka\libs\osgi-resource-locator-1.0.3.jar;C:\kafka\libs\paranamer-2.8.jar;C:\kafka\libs\plexus-utils-3.2.1.jar;C:\kafka\libs\reflections-0.9.12.jar;C:\kafka\libs\rocksdbjni-6.22.1.1.jar;C:\kafka\libs\scala-collection-compat_2.12-2.4.4.jar;C:\kafka\libs\scala-java8-compat_2.12-1.0.0.jar;C:\kafka\libs\scala-library-2.12.14.jar;C:\kafka\libs\scala-logging_2.12-3.9.3.jar;C:\kafka\libs\scala-reflect-2.12.14.jar;C:\kafka\libs\slf4j-api-1.7.30.jar;C:\kafka\libs\slf4j-log4j12-1.7.30.jar;C:\kafka\libs\snappy-java-1.1.8.4.jar;C:\kafka\libs\trogdor-3.1.0.jar;C:\kafka\libs\zookeeper-3.6.3.jar;C:\kafka\libs\zookeeper-jute-3.6.3.jar;C:\kafka\libs\zstd-jni-1.5.0-4.jar (org.apache.zookeeper.server.ZooKeeperServer)
[2022-02-11 21:13:39,268] INFO Server environment:java.library.path=C:\Program Files\Eclipse Foundation\jdk-8.0.302.8-hotspot\bin;C:\WINDOWS\Sun\Java\bin;C:\WINDOWS\system32;C:\WINDOWS;C:\Program Files\Eclipse Foundation\jdk-8.0.302.8-hotspot\bin;C:\Program Files (x86)\Common Files\Oracle\Java\javapath;C:\Program Files\Java\jdk-11.0.5\bin;C:\Windows\system32;C:\Windows;C:\Windows\System32\Wbem;C:\Windows\System32\WindowsPowerShell\v1.0\;C:\Windows\System32\OpenSSH\;C:\Program Files (x86)\NVIDIA Corporation\PhysX\Common;C:\Program Files\NVIDIA Corporation\NVIDIA NvDLISR;C:\Program Files\Git\cmd;C:\WINDOWS\system32;C:\WINDOWS;C:\WINDOWS\System32\Wbem;C:\WINDOWS\System32\WindowsPowerShell\v1.0\;C:\WINDOWS\System32\OpenSSH\;C:\Program Files\Microsoft SQL Server\Client SDK\ODBC\170\Tools\Binn\;C:\Program Files (x86)\Microsoft SQL Server\150\Tools\Binn\;C:\Program Files\Microsoft SQL Server\150\Tools\Binn\;C:\Program Files\Microsoft SQL Server\150\DTS\Binn\;C:\Program Files (x86)\Microsoft SQL Server\150\DTS\Binn\;C:\Program Files\Azure Data Studio\bin;C:\Program Files\nodejs\;C:\Program Files (x86)\Yarn\bin\;C:\Program Files\swipl\bin;C:\Program Files\Docker\Docker\resources\bin;C:\ProgramData\DockerDesktop\version-bin;C:\Gradle\gradle-6.9.1\bin;C:\Program Files (x86)\ChromeDriver;C:\Program Files (x86)\ChromeDriver;C:\Ruby27-x64\bin;C:\Users\hzM\AppData\Local\Programs\Python\Python37\Scripts\;C:\Users\hzM\AppData\Local\Programs\Python\Python37\;C:\Users\hzM\AppData\Local\Microsoft\WindowsApps;C:\Users\hzM\AppData\Local\Programs\Microsoft VS Code\bin;C:\Program Files\mingw-w64\x86_64-8.1.0-posix-seh-rt_v6-rev0\mingw64\bin;C:\Program Files (x86)\Nmap;C:\Program Files\Azure Data Studio\bin;C:\Users\hzM\AppData\Roaming\npm;C:\Users\hzM\AppData\Local\Yarn\bin;C:\Users\hzM\AppData\Local\Programs\Azure Data Studio\bin;C:\Program Files\heroku\bin;;. (org.apache.zookeeper.server.ZooKeeperServer)
[2022-02-11 21:13:39,278] INFO Server environment:java.io.tmpdir=C:\Users\hzM\AppData\Local\Temp\ (org.apache.zookeeper.server.ZooKeeperServer)
[2022-02-11 21:13:39,279] INFO Server environment:java.compiler=<NA> (org.apache.zookeeper.server.ZooKeeperServer)
[2022-02-11 21:13:39,281] INFO Server environment:os.name=Windows 10 (org.apache.zookeeper.server.ZooKeeperServer)
[2022-02-11 21:13:39,282] INFO Server environment:os.arch=amd64 (org.apache.zookeeper.server.ZooKeeperServer)
[2022-02-11 21:13:39,284] INFO Server environment:os.version=10.0 (org.apache.zookeeper.server.ZooKeeperServer)
[2022-02-11 21:13:39,288] INFO Server environment:user.name=hzM (org.apache.zookeeper.server.ZooKeeperServer)
[2022-02-11 21:13:39,290] INFO Server environment:user.home=C:\Users\hzM (org.apache.zookeeper.server.ZooKeeperServer)
[2022-02-11 21:13:39,292] INFO Server environment:user.dir=C:\kafka (org.apache.zookeeper.server.ZooKeeperServer)
[2022-02-11 21:13:39,294] INFO Server environment:os.memory.free=493MB (org.apache.zookeeper.server.ZooKeeperServer)
[2022-02-11 21:13:39,294] INFO Server environment:os.memory.max=512MB (org.apache.zookeeper.server.ZooKeeperServer)
[2022-02-11 21:13:39,296] INFO Server environment:os.memory.total=512MB (org.apache.zookeeper.server.ZooKeeperServer)
[2022-02-11 21:13:39,297] INFO zookeeper.enableEagerACLCheck = false (org.apache.zookeeper.server.ZooKeeperServer)
[2022-02-11 21:13:39,298] INFO zookeeper.digest.enabled = true (org.apache.zookeeper.server.ZooKeeperServer)
[2022-02-11 21:13:39,300] INFO zookeeper.closeSessionTxn.enabled = true (org.apache.zookeeper.server.ZooKeeperServer)
[2022-02-11 21:13:39,301] INFO zookeeper.flushDelay=0 (org.apache.zookeeper.server.ZooKeeperServer)
[2022-02-11 21:13:39,303] INFO zookeeper.maxWriteQueuePollTime=0 (org.apache.zookeeper.server.ZooKeeperServer)
[2022-02-11 21:13:39,304] INFO zookeeper.maxBatchSize=1000 (org.apache.zookeeper.server.ZooKeeperServer)
[2022-02-11 21:13:39,306] INFO zookeeper.intBufferStartingSizeBytes = 1024 (org.apache.zookeeper.server.ZooKeeperServer)
[2022-02-11 21:13:39,316] INFO Weighed connection throttling is disabled (org.apache.zookeeper.server.BlueThrottle)
[2022-02-11 21:13:39,329] INFO minSessionTimeout set to 6000 (org.apache.zookeeper.server.ZooKeeperServer)
[2022-02-11 21:13:39,331] INFO maxSessionTimeout set to 60000 (org.apache.zookeeper.server.ZooKeeperServer)
[2022-02-11 21:13:39,341] INFO Response cache size is initialized with value 400. (org.apache.zookeeper.server.ResponseCache)
[2022-02-11 21:13:39,342] INFO Response cache size is initialized with value 400. (org.apache.zookeeper.server.ResponseCache)
[2022-02-11 21:13:39,349] INFO zookeeper.pathStats.slotCapacity = 60 (org.apache.zookeeper.server.util.RequestPathMetricsCollector)
[2022-02-11 21:13:39,351] INFO zookeeper.pathStats.slotDuration = 15 (org.apache.zookeeper.server.util.RequestPathMetricsCollector)
[2022-02-11 21:13:39,352] INFO zookeeper.pathStats.maxDepth = 6 (org.apache.zookeeper.server.util.RequestPathMetricsCollector)
[2022-02-11 21:13:39,353] INFO zookeeper.pathStats.initialDelay = 5 (org.apache.zookeeper.server.util.RequestPathMetricsCollector)
[2022-02-11 21:13:39,354] INFO zookeeper.pathStats.delay = 5 (org.apache.zookeeper.server.util.RequestPathMetricsCollector)
[2022-02-11 21:13:39,354] INFO zookeeper.pathStats.enabled = false (org.apache.zookeeper.server.util.RequestPathMetricsCollector)
[2022-02-11 21:13:39,366] INFO The max bytes for all large requests are set to 104857600 (org.apache.zookeeper.server.ZooKeeperServer)
[2022-02-11 21:13:39,367] INFO The large request threshold is set to -1 (org.apache.zookeeper.server.ZooKeeperServer)
[2022-02-11 21:13:39,369] INFO Created server with tickTime 3000 minSessionTimeout 6000 maxSessionTimeout 60000 clientPortListenBacklog -1 datadir C:\kafka\zookeeper\version-2 snapdir C:\kafka\zookeeper\version-2 (org.apache.zookeeper.server.ZooKeeperServer)
[2022-02-11 21:13:39,433] INFO Using org.apache.zookeeper.server.NIOServerCnxnFactory as server connection factory (org.apache.zookeeper.server.ServerCnxnFactory)
[2022-02-11 21:13:39,445] WARN maxCnxns is not configured, using default value 0. (org.apache.zookeeper.server.ServerCnxnFactory)
[2022-02-11 21:13:39,452] INFO Configuring NIO connection handler with 10s sessionless connection timeout, 2 selector thread(s), 16 worker threads, and 64 kB direct buffers. (org.apache.zookeeper.server.NIOServerCnxnFactory)
[2022-02-11 21:13:39,473] INFO binding to port 0.0.0.0/0.0.0.0:2181 (org.apache.zookeeper.server.NIOServerCnxnFactory)
[2022-02-11 21:13:39,479] ERROR Unexpected exception, exiting abnormally (org.apache.zookeeper.server.ZooKeeperServerMain)
java.net.BindException: Address already in use: bind
	at sun.nio.ch.Net.bind0(Native Method)
	at sun.nio.ch.Net.bind(Net.java:461)
	at sun.nio.ch.Net.bind(Net.java:453)
	at sun.nio.ch.ServerSocketChannelImpl.bind(ServerSocketChannelImpl.java:222)
	at sun.nio.ch.ServerSocketAdaptor.bind(ServerSocketAdaptor.java:85)
	at sun.nio.ch.ServerSocketAdaptor.bind(ServerSocketAdaptor.java:78)
	at org.apache.zookeeper.server.NIOServerCnxnFactory.configure(NIOServerCnxnFactory.java:676)
	at org.apache.zookeeper.server.ZooKeeperServerMain.runFromConfig(ZooKeeperServerMain.java:158)
	at org.apache.zookeeper.server.ZooKeeperServerMain.initializeAndRun(ZooKeeperServerMain.java:112)
	at org.apache.zookeeper.server.ZooKeeperServerMain.main(ZooKeeperServerMain.java:67)
	at org.apache.zookeeper.server.quorum.QuorumPeerMain.initializeAndRun(QuorumPeerMain.java:140)
	at org.apache.zookeeper.server.quorum.QuorumPeerMain.main(QuorumPeerMain.java:90)
[2022-02-11 21:13:39,498] INFO ZooKeeper audit is disabled. (org.apache.zookeeper.audit.ZKAuditProvider)
[2022-02-11 21:13:39,507] ERROR Exiting JVM with code 1 (org.apache.zookeeper.util.ServiceUtils)
[2022-02-11 21:13:41,398] INFO Registered kafka:type=kafka.Log4jController MBean (kafka.utils.Log4jControllerRegistration$)
[2022-02-11 21:13:43,145] INFO Setting -D jdk.tls.rejectClientInitiatedRenegotiation=true to disable client-initiated TLS renegotiation (org.apache.zookeeper.common.X509Util)
[2022-02-11 21:13:43,411] INFO starting (kafka.server.KafkaServer)
[2022-02-11 21:13:43,413] INFO Connecting to zookeeper on localhost:2181 (kafka.server.KafkaServer)
[2022-02-11 21:13:43,495] INFO [ZooKeeperClient Kafka server] Initializing a new session to localhost:2181. (kafka.zookeeper.ZooKeeperClient)
[2022-02-11 21:13:52,543] INFO Client environment:zookeeper.version=3.6.3--6401e4ad2087061bc6b9f80dec2d69f2e3c8660a, built on 04/08/2021 16:35 GMT (org.apache.zookeeper.ZooKeeper)
[2022-02-11 21:13:52,545] INFO Client environment:host.name=LAPTOP-MFKMVRTB (org.apache.zookeeper.ZooKeeper)
[2022-02-11 21:13:52,546] INFO Client environment:java.version=1.8.0_302 (org.apache.zookeeper.ZooKeeper)
[2022-02-11 21:13:52,548] INFO Client environment:java.vendor=Temurin (org.apache.zookeeper.ZooKeeper)
[2022-02-11 21:13:52,551] INFO Client environment:java.home=C:\Program Files\Eclipse Foundation\jdk-8.0.302.8-hotspot\jre (org.apache.zookeeper.ZooKeeper)
[2022-02-11 21:13:52,555] INFO Client environment:java.class.path=C:\kafka\libs\activation-1.1.1.jar;C:\kafka\libs\aopalliance-repackaged-2.6.1.jar;C:\kafka\libs\argparse4j-0.7.0.jar;C:\kafka\libs\audience-annotations-0.5.0.jar;C:\kafka\libs\commons-cli-1.4.jar;C:\kafka\libs\commons-lang3-3.8.1.jar;C:\kafka\libs\connect-api-3.1.0.jar;C:\kafka\libs\connect-basic-auth-extension-3.1.0.jar;C:\kafka\libs\connect-file-3.1.0.jar;C:\kafka\libs\connect-json-3.1.0.jar;C:\kafka\libs\connect-mirror-3.1.0.jar;C:\kafka\libs\connect-mirror-client-3.1.0.jar;C:\kafka\libs\connect-runtime-3.1.0.jar;C:\kafka\libs\connect-transforms-3.1.0.jar;C:\kafka\libs\hk2-api-2.6.1.jar;C:\kafka\libs\hk2-locator-2.6.1.jar;C:\kafka\libs\hk2-utils-2.6.1.jar;C:\kafka\libs\jackson-annotations-2.12.3.jar;C:\kafka\libs\jackson-core-2.12.3.jar;C:\kafka\libs\jackson-databind-2.12.3.jar;C:\kafka\libs\jackson-dataformat-csv-2.12.3.jar;C:\kafka\libs\jackson-datatype-jdk8-2.12.3.jar;C:\kafka\libs\jackson-jaxrs-base-2.12.3.jar;C:\kafka\libs\jackson-jaxrs-json-provider-2.12.3.jar;C:\kafka\libs\jackson-module-jaxb-annotations-2.12.3.jar;C:\kafka\libs\jackson-module-scala_2.12-2.12.3.jar;C:\kafka\libs\jakarta.activation-api-1.2.1.jar;C:\kafka\libs\jakarta.annotation-api-1.3.5.jar;C:\kafka\libs\jakarta.inject-2.6.1.jar;C:\kafka\libs\jakarta.validation-api-2.0.2.jar;C:\kafka\libs\jakarta.ws.rs-api-2.1.6.jar;C:\kafka\libs\jakarta.xml.bind-api-2.3.2.jar;C:\kafka\libs\javassist-3.27.0-GA.jar;C:\kafka\libs\javax.servlet-api-3.1.0.jar;C:\kafka\libs\javax.ws.rs-api-2.1.1.jar;C:\kafka\libs\jaxb-api-2.3.0.jar;C:\kafka\libs\jersey-client-2.34.jar;C:\kafka\libs\jersey-common-2.34.jar;C:\kafka\libs\jersey-container-servlet-2.34.jar;C:\kafka\libs\jersey-container-servlet-core-2.34.jar;C:\kafka\libs\jersey-hk2-2.34.jar;C:\kafka\libs\jersey-server-2.34.jar;C:\kafka\libs\jetty-client-9.4.43.v20210629.jar;C:\kafka\libs\jetty-continuation-9.4.43.v20210629.jar;C:\kafka\libs\jetty-http-9.4.43.v20210629.jar;C:\kafka\libs\jetty-io-9.4.43.v20210629.jar;C:\kafka\libs\jetty-security-9.4.43.v20210629.jar;C:\kafka\libs\jetty-server-9.4.43.v20210629.jar;C:\kafka\libs\jetty-servlet-9.4.43.v20210629.jar;C:\kafka\libs\jetty-servlets-9.4.43.v20210629.jar;C:\kafka\libs\jetty-util-9.4.43.v20210629.jar;C:\kafka\libs\jetty-util-ajax-9.4.43.v20210629.jar;C:\kafka\libs\jline-3.12.1.jar;C:\kafka\libs\jopt-simple-5.0.4.jar;C:\kafka\libs\jose4j-0.7.8.jar;C:\kafka\libs\kafka-clients-3.1.0.jar;C:\kafka\libs\kafka-log4j-appender-3.1.0.jar;C:\kafka\libs\kafka-metadata-3.1.0.jar;C:\kafka\libs\kafka-raft-3.1.0.jar;C:\kafka\libs\kafka-server-common-3.1.0.jar;C:\kafka\libs\kafka-shell-3.1.0.jar;C:\kafka\libs\kafka-storage-3.1.0.jar;C:\kafka\libs\kafka-storage-api-3.1.0.jar;C:\kafka\libs\kafka-streams-3.1.0.jar;C:\kafka\libs\kafka-streams-examples-3.1.0.jar;C:\kafka\libs\kafka-streams-scala_2.12-3.1.0.jar;C:\kafka\libs\kafka-streams-test-utils-3.1.0.jar;C:\kafka\libs\kafka-tools-3.1.0.jar;C:\kafka\libs\kafka_2.12-3.1.0.jar;C:\kafka\libs\log4j-1.2.17.jar;C:\kafka\libs\lz4-java-1.8.0.jar;C:\kafka\libs\maven-artifact-3.8.1.jar;C:\kafka\libs\metrics-core-2.2.0.jar;C:\kafka\libs\metrics-core-4.1.12.1.jar;C:\kafka\libs\netty-buffer-4.1.68.Final.jar;C:\kafka\libs\netty-codec-4.1.68.Final.jar;C:\kafka\libs\netty-common-4.1.68.Final.jar;C:\kafka\libs\netty-handler-4.1.68.Final.jar;C:\kafka\libs\netty-resolver-4.1.68.Final.jar;C:\kafka\libs\netty-transport-4.1.68.Final.jar;C:\kafka\libs\netty-transport-native-epoll-4.1.68.Final.jar;C:\kafka\libs\netty-transport-native-unix-common-4.1.68.Final.jar;C:\kafka\libs\osgi-resource-locator-1.0.3.jar;C:\kafka\libs\paranamer-2.8.jar;C:\kafka\libs\plexus-utils-3.2.1.jar;C:\kafka\libs\reflections-0.9.12.jar;C:\kafka\libs\rocksdbjni-6.22.1.1.jar;C:\kafka\libs\scala-collection-compat_2.12-2.4.4.jar;C:\kafka\libs\scala-java8-compat_2.12-1.0.0.jar;C:\kafka\libs\scala-library-2.12.14.jar;C:\kafka\libs\scala-logging_2.12-3.9.3.jar;C:\kafka\libs\scala-reflect-2.12.14.jar;C:\kafka\libs\slf4j-api-1.7.30.jar;C:\kafka\libs\slf4j-log4j12-1.7.30.jar;C:\kafka\libs\snappy-java-1.1.8.4.jar;C:\kafka\libs\trogdor-3.1.0.jar;C:\kafka\libs\zookeeper-3.6.3.jar;C:\kafka\libs\zookeeper-jute-3.6.3.jar;C:\kafka\libs\zstd-jni-1.5.0-4.jar (org.apache.zookeeper.ZooKeeper)
[2022-02-11 21:13:52,576] INFO Client environment:java.library.path=C:\Program Files\Eclipse Foundation\jdk-8.0.302.8-hotspot\bin;C:\WINDOWS\Sun\Java\bin;C:\WINDOWS\system32;C:\WINDOWS;C:\Program Files\Eclipse Foundation\jdk-8.0.302.8-hotspot\bin;C:\Program Files (x86)\Common Files\Oracle\Java\javapath;C:\Program Files\Java\jdk-11.0.5\bin;C:\Windows\system32;C:\Windows;C:\Windows\System32\Wbem;C:\Windows\System32\WindowsPowerShell\v1.0\;C:\Windows\System32\OpenSSH\;C:\Program Files (x86)\NVIDIA Corporation\PhysX\Common;C:\Program Files\NVIDIA Corporation\NVIDIA NvDLISR;C:\Program Files\Git\cmd;C:\WINDOWS\system32;C:\WINDOWS;C:\WINDOWS\System32\Wbem;C:\WINDOWS\System32\WindowsPowerShell\v1.0\;C:\WINDOWS\System32\OpenSSH\;C:\Program Files\Microsoft SQL Server\Client SDK\ODBC\170\Tools\Binn\;C:\Program Files (x86)\Microsoft SQL Server\150\Tools\Binn\;C:\Program Files\Microsoft SQL Server\150\Tools\Binn\;C:\Program Files\Microsoft SQL Server\150\DTS\Binn\;C:\Program Files (x86)\Microsoft SQL Server\150\DTS\Binn\;C:\Program Files\Azure Data Studio\bin;C:\Program Files\nodejs\;C:\Program Files (x86)\Yarn\bin\;C:\Program Files\swipl\bin;C:\Program Files\Docker\Docker\resources\bin;C:\ProgramData\DockerDesktop\version-bin;C:\Gradle\gradle-6.9.1\bin;C:\Program Files (x86)\ChromeDriver;C:\Program Files (x86)\ChromeDriver;C:\Ruby27-x64\bin;C:\Users\hzM\AppData\Local\Programs\Python\Python37\Scripts\;C:\Users\hzM\AppData\Local\Programs\Python\Python37\;C:\Users\hzM\AppData\Local\Microsoft\WindowsApps;C:\Users\hzM\AppData\Local\Programs\Microsoft VS Code\bin;C:\Program Files\mingw-w64\x86_64-8.1.0-posix-seh-rt_v6-rev0\mingw64\bin;C:\Program Files (x86)\Nmap;C:\Program Files\Azure Data Studio\bin;C:\Users\hzM\AppData\Roaming\npm;C:\Users\hzM\AppData\Local\Yarn\bin;C:\Users\hzM\AppData\Local\Programs\Azure Data Studio\bin;C:\Program Files\heroku\bin;;. (org.apache.zookeeper.ZooKeeper)
[2022-02-11 21:13:52,599] INFO Client environment:java.io.tmpdir=C:\Users\hzM\AppData\Local\Temp\ (org.apache.zookeeper.ZooKeeper)
[2022-02-11 21:13:52,615] INFO Client environment:java.compiler=<NA> (org.apache.zookeeper.ZooKeeper)
[2022-02-11 21:13:52,621] INFO Client environment:os.name=Windows 10 (org.apache.zookeeper.ZooKeeper)
[2022-02-11 21:13:52,625] INFO Client environment:os.arch=amd64 (org.apache.zookeeper.ZooKeeper)
[2022-02-11 21:13:52,628] INFO Client environment:os.version=10.0 (org.apache.zookeeper.ZooKeeper)
[2022-02-11 21:13:52,631] INFO Client environment:user.name=hzM (org.apache.zookeeper.ZooKeeper)
[2022-02-11 21:13:52,637] INFO Client environment:user.home=C:\Users\hzM (org.apache.zookeeper.ZooKeeper)
[2022-02-11 21:13:52,648] INFO Client environment:user.dir=C:\kafka (org.apache.zookeeper.ZooKeeper)
[2022-02-11 21:13:52,657] INFO Client environment:os.memory.free=1012MB (org.apache.zookeeper.ZooKeeper)
[2022-02-11 21:13:52,665] INFO Client environment:os.memory.max=1024MB (org.apache.zookeeper.ZooKeeper)
[2022-02-11 21:13:52,668] INFO Client environment:os.memory.total=1024MB (org.apache.zookeeper.ZooKeeper)
[2022-02-11 21:13:52,686] INFO Initiating client connection, connectString=localhost:2181 sessionTimeout=18000 watcher=kafka.zookeeper.ZooKeeperClient$ZooKeeperClientWatcher$@443118b0 (org.apache.zookeeper.ZooKeeper)
[2022-02-11 21:13:52,744] INFO jute.maxbuffer value is 4194304 Bytes (org.apache.zookeeper.ClientCnxnSocket)
[2022-02-11 21:13:52,777] INFO zookeeper.request.timeout value is 0. feature enabled=false (org.apache.zookeeper.ClientCnxn)
[2022-02-11 21:13:52,786] INFO [ZooKeeperClient Kafka server] Waiting until connected. (kafka.zookeeper.ZooKeeperClient)
[2022-02-11 21:13:52,806] INFO Opening socket connection to server localhost/127.0.0.1:2181. (org.apache.zookeeper.ClientCnxn)
[2022-02-11 21:13:52,808] INFO SASL config status: Will not attempt to authenticate using SASL (unknown error) (org.apache.zookeeper.ClientCnxn)
[2022-02-11 21:13:54,819] WARN Session 0x0 for sever localhost/127.0.0.1:2181, Closing socket connection. Attempting reconnect except it is a SessionExpiredException. (org.apache.zookeeper.ClientCnxn)
java.net.ConnectException: Connection refused: no further information
	at sun.nio.ch.SocketChannelImpl.checkConnect(Native Method)
	at sun.nio.ch.SocketChannelImpl.finishConnect(SocketChannelImpl.java:716)
	at org.apache.zookeeper.ClientCnxnSocketNIO.doTransport(ClientCnxnSocketNIO.java:344)
	at org.apache.zookeeper.ClientCnxn$SendThread.run(ClientCnxn.java:1290)
[2022-02-11 21:13:55,779] INFO shutting down (kafka.server.KafkaServer)
[2022-02-11 21:13:55,793] ERROR Fatal error during KafkaServer shutdown. (kafka.server.KafkaServer)
java.lang.IllegalStateException: Kafka server is still starting up, cannot shut down!
	at kafka.server.KafkaServer.shutdown(KafkaServer.scala:696)
	at kafka.Kafka$.$anonfun$main$3(Kafka.scala:100)
	at kafka.utils.Exit$.$anonfun$addShutdownHook$1(Exit.scala:38)
	at java.lang.Thread.run(Thread.java:748)
[2022-02-11 21:13:55,796] ERROR Halting Kafka. (kafka.Kafka$)
[2022-02-11 21:14:06,666] INFO Reading configuration from: .\config\zookeeper.properties (org.apache.zookeeper.server.quorum.QuorumPeerConfig)
[2022-02-11 21:14:06,694] INFO clientPortAddress is 0.0.0.0:2181 (org.apache.zookeeper.server.quorum.QuorumPeerConfig)
[2022-02-11 21:14:06,695] INFO secureClientPort is not set (org.apache.zookeeper.server.quorum.QuorumPeerConfig)
[2022-02-11 21:14:06,696] INFO observerMasterPort is not set (org.apache.zookeeper.server.quorum.QuorumPeerConfig)
[2022-02-11 21:14:06,696] INFO metricsProvider.className is org.apache.zookeeper.metrics.impl.DefaultMetricsProvider (org.apache.zookeeper.server.quorum.QuorumPeerConfig)
[2022-02-11 21:14:06,706] INFO autopurge.snapRetainCount set to 3 (org.apache.zookeeper.server.DatadirCleanupManager)
[2022-02-11 21:14:06,712] INFO autopurge.purgeInterval set to 0 (org.apache.zookeeper.server.DatadirCleanupManager)
[2022-02-11 21:14:06,713] INFO Purge task is not scheduled. (org.apache.zookeeper.server.DatadirCleanupManager)
[2022-02-11 21:14:06,714] WARN Either no config or no quorum defined in config, running in standalone mode (org.apache.zookeeper.server.quorum.QuorumPeerMain)
[2022-02-11 21:14:06,729] INFO Log4j 1.2 jmx support found and enabled. (org.apache.zookeeper.jmx.ManagedUtil)
[2022-02-11 21:14:06,773] INFO Reading configuration from: .\config\zookeeper.properties (org.apache.zookeeper.server.quorum.QuorumPeerConfig)
[2022-02-11 21:14:06,776] INFO clientPortAddress is 0.0.0.0:2181 (org.apache.zookeeper.server.quorum.QuorumPeerConfig)
[2022-02-11 21:14:06,777] INFO secureClientPort is not set (org.apache.zookeeper.server.quorum.QuorumPeerConfig)
[2022-02-11 21:14:06,778] INFO observerMasterPort is not set (org.apache.zookeeper.server.quorum.QuorumPeerConfig)
[2022-02-11 21:14:06,779] INFO metricsProvider.className is org.apache.zookeeper.metrics.impl.DefaultMetricsProvider (org.apache.zookeeper.server.quorum.QuorumPeerConfig)
[2022-02-11 21:14:06,780] INFO Starting server (org.apache.zookeeper.server.ZooKeeperServerMain)
[2022-02-11 21:14:06,840] INFO ServerMetrics initialized with provider org.apache.zookeeper.metrics.impl.DefaultMetricsProvider@68837a77 (org.apache.zookeeper.server.ServerMetrics)
[2022-02-11 21:14:06,853] INFO zookeeper.snapshot.trust.empty : false (org.apache.zookeeper.server.persistence.FileTxnSnapLog)
[2022-02-11 21:14:06,903] INFO  (org.apache.zookeeper.server.ZooKeeperServer)
[2022-02-11 21:14:06,904] INFO   ______                  _                                           (org.apache.zookeeper.server.ZooKeeperServer)
[2022-02-11 21:14:06,905] INFO  |___  /                 | |                                          (org.apache.zookeeper.server.ZooKeeperServer)
[2022-02-11 21:14:06,906] INFO     / /    ___     ___   | | __   ___    ___   _ __     ___   _ __    (org.apache.zookeeper.server.ZooKeeperServer)
[2022-02-11 21:14:06,907] INFO    / /    / _ \   / _ \  | |/ /  / _ \  / _ \ | '_ \   / _ \ | '__| (org.apache.zookeeper.server.ZooKeeperServer)
[2022-02-11 21:14:06,907] INFO   / /__  | (_) | | (_) | |   <  |  __/ |  __/ | |_) | |  __/ | |     (org.apache.zookeeper.server.ZooKeeperServer)
[2022-02-11 21:14:06,908] INFO  /_____|  \___/   \___/  |_|\_\  \___|  \___| | .__/   \___| |_| (org.apache.zookeeper.server.ZooKeeperServer)
[2022-02-11 21:14:06,909] INFO                                               | |                      (org.apache.zookeeper.server.ZooKeeperServer)
[2022-02-11 21:14:06,910] INFO                                               |_|                      (org.apache.zookeeper.server.ZooKeeperServer)
[2022-02-11 21:14:06,911] INFO  (org.apache.zookeeper.server.ZooKeeperServer)
[2022-02-11 21:14:15,949] INFO Server environment:zookeeper.version=3.6.3--6401e4ad2087061bc6b9f80dec2d69f2e3c8660a, built on 04/08/2021 16:35 GMT (org.apache.zookeeper.server.ZooKeeperServer)
[2022-02-11 21:14:15,950] INFO Server environment:host.name=LAPTOP-MFKMVRTB (org.apache.zookeeper.server.ZooKeeperServer)
[2022-02-11 21:14:15,951] INFO Server environment:java.version=1.8.0_302 (org.apache.zookeeper.server.ZooKeeperServer)
[2022-02-11 21:14:15,952] INFO Server environment:java.vendor=Temurin (org.apache.zookeeper.server.ZooKeeperServer)
[2022-02-11 21:14:15,953] INFO Server environment:java.home=C:\Program Files\Eclipse Foundation\jdk-8.0.302.8-hotspot\jre (org.apache.zookeeper.server.ZooKeeperServer)
[2022-02-11 21:14:15,954] INFO Server environment:java.class.path=C:\kafka\libs\activation-1.1.1.jar;C:\kafka\libs\aopalliance-repackaged-2.6.1.jar;C:\kafka\libs\argparse4j-0.7.0.jar;C:\kafka\libs\audience-annotations-0.5.0.jar;C:\kafka\libs\commons-cli-1.4.jar;C:\kafka\libs\commons-lang3-3.8.1.jar;C:\kafka\libs\connect-api-3.1.0.jar;C:\kafka\libs\connect-basic-auth-extension-3.1.0.jar;C:\kafka\libs\connect-file-3.1.0.jar;C:\kafka\libs\connect-json-3.1.0.jar;C:\kafka\libs\connect-mirror-3.1.0.jar;C:\kafka\libs\connect-mirror-client-3.1.0.jar;C:\kafka\libs\connect-runtime-3.1.0.jar;C:\kafka\libs\connect-transforms-3.1.0.jar;C:\kafka\libs\hk2-api-2.6.1.jar;C:\kafka\libs\hk2-locator-2.6.1.jar;C:\kafka\libs\hk2-utils-2.6.1.jar;C:\kafka\libs\jackson-annotations-2.12.3.jar;C:\kafka\libs\jackson-core-2.12.3.jar;C:\kafka\libs\jackson-databind-2.12.3.jar;C:\kafka\libs\jackson-dataformat-csv-2.12.3.jar;C:\kafka\libs\jackson-datatype-jdk8-2.12.3.jar;C:\kafka\libs\jackson-jaxrs-base-2.12.3.jar;C:\kafka\libs\jackson-jaxrs-json-provider-2.12.3.jar;C:\kafka\libs\jackson-module-jaxb-annotations-2.12.3.jar;C:\kafka\libs\jackson-module-scala_2.12-2.12.3.jar;C:\kafka\libs\jakarta.activation-api-1.2.1.jar;C:\kafka\libs\jakarta.annotation-api-1.3.5.jar;C:\kafka\libs\jakarta.inject-2.6.1.jar;C:\kafka\libs\jakarta.validation-api-2.0.2.jar;C:\kafka\libs\jakarta.ws.rs-api-2.1.6.jar;C:\kafka\libs\jakarta.xml.bind-api-2.3.2.jar;C:\kafka\libs\javassist-3.27.0-GA.jar;C:\kafka\libs\javax.servlet-api-3.1.0.jar;C:\kafka\libs\javax.ws.rs-api-2.1.1.jar;C:\kafka\libs\jaxb-api-2.3.0.jar;C:\kafka\libs\jersey-client-2.34.jar;C:\kafka\libs\jersey-common-2.34.jar;C:\kafka\libs\jersey-container-servlet-2.34.jar;C:\kafka\libs\jersey-container-servlet-core-2.34.jar;C:\kafka\libs\jersey-hk2-2.34.jar;C:\kafka\libs\jersey-server-2.34.jar;C:\kafka\libs\jetty-client-9.4.43.v20210629.jar;C:\kafka\libs\jetty-continuation-9.4.43.v20210629.jar;C:\kafka\libs\jetty-http-9.4.43.v20210629.jar;C:\kafka\libs\jetty-io-9.4.43.v20210629.jar;C:\kafka\libs\jetty-security-9.4.43.v20210629.jar;C:\kafka\libs\jetty-server-9.4.43.v20210629.jar;C:\kafka\libs\jetty-servlet-9.4.43.v20210629.jar;C:\kafka\libs\jetty-servlets-9.4.43.v20210629.jar;C:\kafka\libs\jetty-util-9.4.43.v20210629.jar;C:\kafka\libs\jetty-util-ajax-9.4.43.v20210629.jar;C:\kafka\libs\jline-3.12.1.jar;C:\kafka\libs\jopt-simple-5.0.4.jar;C:\kafka\libs\jose4j-0.7.8.jar;C:\kafka\libs\kafka-clients-3.1.0.jar;C:\kafka\libs\kafka-log4j-appender-3.1.0.jar;C:\kafka\libs\kafka-metadata-3.1.0.jar;C:\kafka\libs\kafka-raft-3.1.0.jar;C:\kafka\libs\kafka-server-common-3.1.0.jar;C:\kafka\libs\kafka-shell-3.1.0.jar;C:\kafka\libs\kafka-storage-3.1.0.jar;C:\kafka\libs\kafka-storage-api-3.1.0.jar;C:\kafka\libs\kafka-streams-3.1.0.jar;C:\kafka\libs\kafka-streams-examples-3.1.0.jar;C:\kafka\libs\kafka-streams-scala_2.12-3.1.0.jar;C:\kafka\libs\kafka-streams-test-utils-3.1.0.jar;C:\kafka\libs\kafka-tools-3.1.0.jar;C:\kafka\libs\kafka_2.12-3.1.0.jar;C:\kafka\libs\log4j-1.2.17.jar;C:\kafka\libs\lz4-java-1.8.0.jar;C:\kafka\libs\maven-artifact-3.8.1.jar;C:\kafka\libs\metrics-core-2.2.0.jar;C:\kafka\libs\metrics-core-4.1.12.1.jar;C:\kafka\libs\netty-buffer-4.1.68.Final.jar;C:\kafka\libs\netty-codec-4.1.68.Final.jar;C:\kafka\libs\netty-common-4.1.68.Final.jar;C:\kafka\libs\netty-handler-4.1.68.Final.jar;C:\kafka\libs\netty-resolver-4.1.68.Final.jar;C:\kafka\libs\netty-transport-4.1.68.Final.jar;C:\kafka\libs\netty-transport-native-epoll-4.1.68.Final.jar;C:\kafka\libs\netty-transport-native-unix-common-4.1.68.Final.jar;C:\kafka\libs\osgi-resource-locator-1.0.3.jar;C:\kafka\libs\paranamer-2.8.jar;C:\kafka\libs\plexus-utils-3.2.1.jar;C:\kafka\libs\reflections-0.9.12.jar;C:\kafka\libs\rocksdbjni-6.22.1.1.jar;C:\kafka\libs\scala-collection-compat_2.12-2.4.4.jar;C:\kafka\libs\scala-java8-compat_2.12-1.0.0.jar;C:\kafka\libs\scala-library-2.12.14.jar;C:\kafka\libs\scala-logging_2.12-3.9.3.jar;C:\kafka\libs\scala-reflect-2.12.14.jar;C:\kafka\libs\slf4j-api-1.7.30.jar;C:\kafka\libs\slf4j-log4j12-1.7.30.jar;C:\kafka\libs\snappy-java-1.1.8.4.jar;C:\kafka\libs\trogdor-3.1.0.jar;C:\kafka\libs\zookeeper-3.6.3.jar;C:\kafka\libs\zookeeper-jute-3.6.3.jar;C:\kafka\libs\zstd-jni-1.5.0-4.jar (org.apache.zookeeper.server.ZooKeeperServer)
[2022-02-11 21:14:15,965] INFO Server environment:java.library.path=C:\Program Files\Eclipse Foundation\jdk-8.0.302.8-hotspot\bin;C:\WINDOWS\Sun\Java\bin;C:\WINDOWS\system32;C:\WINDOWS;C:\Program Files\Eclipse Foundation\jdk-8.0.302.8-hotspot\bin;C:\Program Files (x86)\Common Files\Oracle\Java\javapath;C:\Program Files\Java\jdk-11.0.5\bin;C:\Windows\system32;C:\Windows;C:\Windows\System32\Wbem;C:\Windows\System32\WindowsPowerShell\v1.0\;C:\Windows\System32\OpenSSH\;C:\Program Files (x86)\NVIDIA Corporation\PhysX\Common;C:\Program Files\NVIDIA Corporation\NVIDIA NvDLISR;C:\Program Files\Git\cmd;C:\WINDOWS\system32;C:\WINDOWS;C:\WINDOWS\System32\Wbem;C:\WINDOWS\System32\WindowsPowerShell\v1.0\;C:\WINDOWS\System32\OpenSSH\;C:\Program Files\Microsoft SQL Server\Client SDK\ODBC\170\Tools\Binn\;C:\Program Files (x86)\Microsoft SQL Server\150\Tools\Binn\;C:\Program Files\Microsoft SQL Server\150\Tools\Binn\;C:\Program Files\Microsoft SQL Server\150\DTS\Binn\;C:\Program Files (x86)\Microsoft SQL Server\150\DTS\Binn\;C:\Program Files\Azure Data Studio\bin;C:\Program Files\nodejs\;C:\Program Files (x86)\Yarn\bin\;C:\Program Files\swipl\bin;C:\Program Files\Docker\Docker\resources\bin;C:\ProgramData\DockerDesktop\version-bin;C:\Gradle\gradle-6.9.1\bin;C:\Program Files (x86)\ChromeDriver;C:\Program Files (x86)\ChromeDriver;C:\Ruby27-x64\bin;C:\Users\hzM\AppData\Local\Programs\Python\Python37\Scripts\;C:\Users\hzM\AppData\Local\Programs\Python\Python37\;C:\Users\hzM\AppData\Local\Microsoft\WindowsApps;C:\Users\hzM\AppData\Local\Programs\Microsoft VS Code\bin;C:\Program Files\mingw-w64\x86_64-8.1.0-posix-seh-rt_v6-rev0\mingw64\bin;C:\Program Files (x86)\Nmap;C:\Program Files\Azure Data Studio\bin;C:\Users\hzM\AppData\Roaming\npm;C:\Users\hzM\AppData\Local\Yarn\bin;C:\Users\hzM\AppData\Local\Programs\Azure Data Studio\bin;C:\Program Files\heroku\bin;;. (org.apache.zookeeper.server.ZooKeeperServer)
[2022-02-11 21:14:15,971] INFO Server environment:java.io.tmpdir=C:\Users\hzM\AppData\Local\Temp\ (org.apache.zookeeper.server.ZooKeeperServer)
[2022-02-11 21:14:15,972] INFO Server environment:java.compiler=<NA> (org.apache.zookeeper.server.ZooKeeperServer)
[2022-02-11 21:14:15,973] INFO Server environment:os.name=Windows 10 (org.apache.zookeeper.server.ZooKeeperServer)
[2022-02-11 21:14:15,974] INFO Server environment:os.arch=amd64 (org.apache.zookeeper.server.ZooKeeperServer)
[2022-02-11 21:14:15,975] INFO Server environment:os.version=10.0 (org.apache.zookeeper.server.ZooKeeperServer)
[2022-02-11 21:14:15,976] INFO Server environment:user.name=hzM (org.apache.zookeeper.server.ZooKeeperServer)
[2022-02-11 21:14:15,977] INFO Server environment:user.home=C:\Users\hzM (org.apache.zookeeper.server.ZooKeeperServer)
[2022-02-11 21:14:15,978] INFO Server environment:user.dir=C:\kafka (org.apache.zookeeper.server.ZooKeeperServer)
[2022-02-11 21:14:15,979] INFO Server environment:os.memory.free=492MB (org.apache.zookeeper.server.ZooKeeperServer)
[2022-02-11 21:14:15,980] INFO Server environment:os.memory.max=512MB (org.apache.zookeeper.server.ZooKeeperServer)
[2022-02-11 21:14:15,981] INFO Server environment:os.memory.total=512MB (org.apache.zookeeper.server.ZooKeeperServer)
[2022-02-11 21:14:15,984] INFO zookeeper.enableEagerACLCheck = false (org.apache.zookeeper.server.ZooKeeperServer)
[2022-02-11 21:14:15,986] INFO zookeeper.digest.enabled = true (org.apache.zookeeper.server.ZooKeeperServer)
[2022-02-11 21:14:15,987] INFO zookeeper.closeSessionTxn.enabled = true (org.apache.zookeeper.server.ZooKeeperServer)
[2022-02-11 21:14:15,987] INFO zookeeper.flushDelay=0 (org.apache.zookeeper.server.ZooKeeperServer)
[2022-02-11 21:14:15,988] INFO zookeeper.maxWriteQueuePollTime=0 (org.apache.zookeeper.server.ZooKeeperServer)
[2022-02-11 21:14:15,989] INFO zookeeper.maxBatchSize=1000 (org.apache.zookeeper.server.ZooKeeperServer)
[2022-02-11 21:14:15,991] INFO zookeeper.intBufferStartingSizeBytes = 1024 (org.apache.zookeeper.server.ZooKeeperServer)
[2022-02-11 21:14:15,997] INFO Weighed connection throttling is disabled (org.apache.zookeeper.server.BlueThrottle)
[2022-02-11 21:14:16,006] INFO minSessionTimeout set to 6000 (org.apache.zookeeper.server.ZooKeeperServer)
[2022-02-11 21:14:16,007] INFO maxSessionTimeout set to 60000 (org.apache.zookeeper.server.ZooKeeperServer)
[2022-02-11 21:14:16,014] INFO Response cache size is initialized with value 400. (org.apache.zookeeper.server.ResponseCache)
[2022-02-11 21:14:16,015] INFO Response cache size is initialized with value 400. (org.apache.zookeeper.server.ResponseCache)
[2022-02-11 21:14:16,020] INFO zookeeper.pathStats.slotCapacity = 60 (org.apache.zookeeper.server.util.RequestPathMetricsCollector)
[2022-02-11 21:14:16,021] INFO zookeeper.pathStats.slotDuration = 15 (org.apache.zookeeper.server.util.RequestPathMetricsCollector)
[2022-02-11 21:14:16,022] INFO zookeeper.pathStats.maxDepth = 6 (org.apache.zookeeper.server.util.RequestPathMetricsCollector)
[2022-02-11 21:14:16,023] INFO zookeeper.pathStats.initialDelay = 5 (org.apache.zookeeper.server.util.RequestPathMetricsCollector)
[2022-02-11 21:14:16,024] INFO zookeeper.pathStats.delay = 5 (org.apache.zookeeper.server.util.RequestPathMetricsCollector)
[2022-02-11 21:14:16,025] INFO zookeeper.pathStats.enabled = false (org.apache.zookeeper.server.util.RequestPathMetricsCollector)
[2022-02-11 21:14:16,032] INFO The max bytes for all large requests are set to 104857600 (org.apache.zookeeper.server.ZooKeeperServer)
[2022-02-11 21:14:16,033] INFO The large request threshold is set to -1 (org.apache.zookeeper.server.ZooKeeperServer)
[2022-02-11 21:14:16,034] INFO Created server with tickTime 3000 minSessionTimeout 6000 maxSessionTimeout 60000 clientPortListenBacklog -1 datadir C:\kafka\zookeeper\version-2 snapdir C:\kafka\zookeeper\version-2 (org.apache.zookeeper.server.ZooKeeperServer)
[2022-02-11 21:14:16,079] INFO Using org.apache.zookeeper.server.NIOServerCnxnFactory as server connection factory (org.apache.zookeeper.server.ServerCnxnFactory)
[2022-02-11 21:14:16,085] WARN maxCnxns is not configured, using default value 0. (org.apache.zookeeper.server.ServerCnxnFactory)
[2022-02-11 21:14:16,092] INFO Configuring NIO connection handler with 10s sessionless connection timeout, 2 selector thread(s), 16 worker threads, and 64 kB direct buffers. (org.apache.zookeeper.server.NIOServerCnxnFactory)
[2022-02-11 21:14:16,105] INFO binding to port 0.0.0.0/0.0.0.0:2181 (org.apache.zookeeper.server.NIOServerCnxnFactory)
[2022-02-11 21:14:16,108] ERROR Unexpected exception, exiting abnormally (org.apache.zookeeper.server.ZooKeeperServerMain)
java.net.BindException: Address already in use: bind
	at sun.nio.ch.Net.bind0(Native Method)
	at sun.nio.ch.Net.bind(Net.java:461)
	at sun.nio.ch.Net.bind(Net.java:453)
	at sun.nio.ch.ServerSocketChannelImpl.bind(ServerSocketChannelImpl.java:222)
	at sun.nio.ch.ServerSocketAdaptor.bind(ServerSocketAdaptor.java:85)
	at sun.nio.ch.ServerSocketAdaptor.bind(ServerSocketAdaptor.java:78)
	at org.apache.zookeeper.server.NIOServerCnxnFactory.configure(NIOServerCnxnFactory.java:676)
	at org.apache.zookeeper.server.ZooKeeperServerMain.runFromConfig(ZooKeeperServerMain.java:158)
	at org.apache.zookeeper.server.ZooKeeperServerMain.initializeAndRun(ZooKeeperServerMain.java:112)
	at org.apache.zookeeper.server.ZooKeeperServerMain.main(ZooKeeperServerMain.java:67)
	at org.apache.zookeeper.server.quorum.QuorumPeerMain.initializeAndRun(QuorumPeerMain.java:140)
	at org.apache.zookeeper.server.quorum.QuorumPeerMain.main(QuorumPeerMain.java:90)
[2022-02-11 21:14:16,120] INFO ZooKeeper audit is disabled. (org.apache.zookeeper.audit.ZKAuditProvider)
[2022-02-11 21:14:16,128] ERROR Exiting JVM with code 1 (org.apache.zookeeper.util.ServiceUtils)
[2022-02-11 21:26:07,551] INFO Reading configuration from: .\config\zookeeper.properties (org.apache.zookeeper.server.quorum.QuorumPeerConfig)
[2022-02-11 21:26:07,583] INFO clientPortAddress is 0.0.0.0:2181 (org.apache.zookeeper.server.quorum.QuorumPeerConfig)
[2022-02-11 21:26:07,584] INFO secureClientPort is not set (org.apache.zookeeper.server.quorum.QuorumPeerConfig)
[2022-02-11 21:26:07,584] INFO observerMasterPort is not set (org.apache.zookeeper.server.quorum.QuorumPeerConfig)
[2022-02-11 21:26:07,585] INFO metricsProvider.className is org.apache.zookeeper.metrics.impl.DefaultMetricsProvider (org.apache.zookeeper.server.quorum.QuorumPeerConfig)
[2022-02-11 21:26:07,594] INFO autopurge.snapRetainCount set to 3 (org.apache.zookeeper.server.DatadirCleanupManager)
[2022-02-11 21:26:07,595] INFO autopurge.purgeInterval set to 0 (org.apache.zookeeper.server.DatadirCleanupManager)
[2022-02-11 21:26:07,595] INFO Purge task is not scheduled. (org.apache.zookeeper.server.DatadirCleanupManager)
[2022-02-11 21:26:07,596] WARN Either no config or no quorum defined in config, running in standalone mode (org.apache.zookeeper.server.quorum.QuorumPeerMain)
[2022-02-11 21:26:07,610] INFO Log4j 1.2 jmx support found and enabled. (org.apache.zookeeper.jmx.ManagedUtil)
[2022-02-11 21:26:07,642] INFO Reading configuration from: .\config\zookeeper.properties (org.apache.zookeeper.server.quorum.QuorumPeerConfig)
[2022-02-11 21:26:07,644] INFO clientPortAddress is 0.0.0.0:2181 (org.apache.zookeeper.server.quorum.QuorumPeerConfig)
[2022-02-11 21:26:07,644] INFO secureClientPort is not set (org.apache.zookeeper.server.quorum.QuorumPeerConfig)
[2022-02-11 21:26:07,645] INFO observerMasterPort is not set (org.apache.zookeeper.server.quorum.QuorumPeerConfig)
[2022-02-11 21:26:07,645] INFO metricsProvider.className is org.apache.zookeeper.metrics.impl.DefaultMetricsProvider (org.apache.zookeeper.server.quorum.QuorumPeerConfig)
[2022-02-11 21:26:07,647] INFO Starting server (org.apache.zookeeper.server.ZooKeeperServerMain)
[2022-02-11 21:26:07,692] INFO ServerMetrics initialized with provider org.apache.zookeeper.metrics.impl.DefaultMetricsProvider@68837a77 (org.apache.zookeeper.server.ServerMetrics)
[2022-02-11 21:26:07,704] INFO zookeeper.snapshot.trust.empty : false (org.apache.zookeeper.server.persistence.FileTxnSnapLog)
[2022-02-11 21:26:07,752] INFO  (org.apache.zookeeper.server.ZooKeeperServer)
[2022-02-11 21:26:07,752] INFO   ______                  _                                           (org.apache.zookeeper.server.ZooKeeperServer)
[2022-02-11 21:26:07,753] INFO  |___  /                 | |                                          (org.apache.zookeeper.server.ZooKeeperServer)
[2022-02-11 21:26:07,754] INFO     / /    ___     ___   | | __   ___    ___   _ __     ___   _ __    (org.apache.zookeeper.server.ZooKeeperServer)
[2022-02-11 21:26:07,755] INFO    / /    / _ \   / _ \  | |/ /  / _ \  / _ \ | '_ \   / _ \ | '__| (org.apache.zookeeper.server.ZooKeeperServer)
[2022-02-11 21:26:07,755] INFO   / /__  | (_) | | (_) | |   <  |  __/ |  __/ | |_) | |  __/ | |     (org.apache.zookeeper.server.ZooKeeperServer)
[2022-02-11 21:26:07,756] INFO  /_____|  \___/   \___/  |_|\_\  \___|  \___| | .__/   \___| |_| (org.apache.zookeeper.server.ZooKeeperServer)
[2022-02-11 21:26:07,757] INFO                                               | |                      (org.apache.zookeeper.server.ZooKeeperServer)
[2022-02-11 21:26:07,758] INFO                                               |_|                      (org.apache.zookeeper.server.ZooKeeperServer)
[2022-02-11 21:26:07,759] INFO  (org.apache.zookeeper.server.ZooKeeperServer)
[2022-02-11 21:26:16,782] INFO Server environment:zookeeper.version=3.6.3--6401e4ad2087061bc6b9f80dec2d69f2e3c8660a, built on 04/08/2021 16:35 GMT (org.apache.zookeeper.server.ZooKeeperServer)
[2022-02-11 21:26:16,783] INFO Server environment:host.name=LAPTOP-MFKMVRTB (org.apache.zookeeper.server.ZooKeeperServer)
[2022-02-11 21:26:16,784] INFO Server environment:java.version=1.8.0_302 (org.apache.zookeeper.server.ZooKeeperServer)
[2022-02-11 21:26:16,785] INFO Server environment:java.vendor=Temurin (org.apache.zookeeper.server.ZooKeeperServer)
[2022-02-11 21:26:16,786] INFO Server environment:java.home=C:\Program Files\Eclipse Foundation\jdk-8.0.302.8-hotspot\jre (org.apache.zookeeper.server.ZooKeeperServer)
[2022-02-11 21:26:16,788] INFO Server environment:java.class.path=C:\kafka\libs\activation-1.1.1.jar;C:\kafka\libs\aopalliance-repackaged-2.6.1.jar;C:\kafka\libs\argparse4j-0.7.0.jar;C:\kafka\libs\audience-annotations-0.5.0.jar;C:\kafka\libs\commons-cli-1.4.jar;C:\kafka\libs\commons-lang3-3.8.1.jar;C:\kafka\libs\connect-api-3.1.0.jar;C:\kafka\libs\connect-basic-auth-extension-3.1.0.jar;C:\kafka\libs\connect-file-3.1.0.jar;C:\kafka\libs\connect-json-3.1.0.jar;C:\kafka\libs\connect-mirror-3.1.0.jar;C:\kafka\libs\connect-mirror-client-3.1.0.jar;C:\kafka\libs\connect-runtime-3.1.0.jar;C:\kafka\libs\connect-transforms-3.1.0.jar;C:\kafka\libs\hk2-api-2.6.1.jar;C:\kafka\libs\hk2-locator-2.6.1.jar;C:\kafka\libs\hk2-utils-2.6.1.jar;C:\kafka\libs\jackson-annotations-2.12.3.jar;C:\kafka\libs\jackson-core-2.12.3.jar;C:\kafka\libs\jackson-databind-2.12.3.jar;C:\kafka\libs\jackson-dataformat-csv-2.12.3.jar;C:\kafka\libs\jackson-datatype-jdk8-2.12.3.jar;C:\kafka\libs\jackson-jaxrs-base-2.12.3.jar;C:\kafka\libs\jackson-jaxrs-json-provider-2.12.3.jar;C:\kafka\libs\jackson-module-jaxb-annotations-2.12.3.jar;C:\kafka\libs\jackson-module-scala_2.12-2.12.3.jar;C:\kafka\libs\jakarta.activation-api-1.2.1.jar;C:\kafka\libs\jakarta.annotation-api-1.3.5.jar;C:\kafka\libs\jakarta.inject-2.6.1.jar;C:\kafka\libs\jakarta.validation-api-2.0.2.jar;C:\kafka\libs\jakarta.ws.rs-api-2.1.6.jar;C:\kafka\libs\jakarta.xml.bind-api-2.3.2.jar;C:\kafka\libs\javassist-3.27.0-GA.jar;C:\kafka\libs\javax.servlet-api-3.1.0.jar;C:\kafka\libs\javax.ws.rs-api-2.1.1.jar;C:\kafka\libs\jaxb-api-2.3.0.jar;C:\kafka\libs\jersey-client-2.34.jar;C:\kafka\libs\jersey-common-2.34.jar;C:\kafka\libs\jersey-container-servlet-2.34.jar;C:\kafka\libs\jersey-container-servlet-core-2.34.jar;C:\kafka\libs\jersey-hk2-2.34.jar;C:\kafka\libs\jersey-server-2.34.jar;C:\kafka\libs\jetty-client-9.4.43.v20210629.jar;C:\kafka\libs\jetty-continuation-9.4.43.v20210629.jar;C:\kafka\libs\jetty-http-9.4.43.v20210629.jar;C:\kafka\libs\jetty-io-9.4.43.v20210629.jar;C:\kafka\libs\jetty-security-9.4.43.v20210629.jar;C:\kafka\libs\jetty-server-9.4.43.v20210629.jar;C:\kafka\libs\jetty-servlet-9.4.43.v20210629.jar;C:\kafka\libs\jetty-servlets-9.4.43.v20210629.jar;C:\kafka\libs\jetty-util-9.4.43.v20210629.jar;C:\kafka\libs\jetty-util-ajax-9.4.43.v20210629.jar;C:\kafka\libs\jline-3.12.1.jar;C:\kafka\libs\jopt-simple-5.0.4.jar;C:\kafka\libs\jose4j-0.7.8.jar;C:\kafka\libs\kafka-clients-3.1.0.jar;C:\kafka\libs\kafka-log4j-appender-3.1.0.jar;C:\kafka\libs\kafka-metadata-3.1.0.jar;C:\kafka\libs\kafka-raft-3.1.0.jar;C:\kafka\libs\kafka-server-common-3.1.0.jar;C:\kafka\libs\kafka-shell-3.1.0.jar;C:\kafka\libs\kafka-storage-3.1.0.jar;C:\kafka\libs\kafka-storage-api-3.1.0.jar;C:\kafka\libs\kafka-streams-3.1.0.jar;C:\kafka\libs\kafka-streams-examples-3.1.0.jar;C:\kafka\libs\kafka-streams-scala_2.12-3.1.0.jar;C:\kafka\libs\kafka-streams-test-utils-3.1.0.jar;C:\kafka\libs\kafka-tools-3.1.0.jar;C:\kafka\libs\kafka_2.12-3.1.0.jar;C:\kafka\libs\log4j-1.2.17.jar;C:\kafka\libs\lz4-java-1.8.0.jar;C:\kafka\libs\maven-artifact-3.8.1.jar;C:\kafka\libs\metrics-core-2.2.0.jar;C:\kafka\libs\metrics-core-4.1.12.1.jar;C:\kafka\libs\netty-buffer-4.1.68.Final.jar;C:\kafka\libs\netty-codec-4.1.68.Final.jar;C:\kafka\libs\netty-common-4.1.68.Final.jar;C:\kafka\libs\netty-handler-4.1.68.Final.jar;C:\kafka\libs\netty-resolver-4.1.68.Final.jar;C:\kafka\libs\netty-transport-4.1.68.Final.jar;C:\kafka\libs\netty-transport-native-epoll-4.1.68.Final.jar;C:\kafka\libs\netty-transport-native-unix-common-4.1.68.Final.jar;C:\kafka\libs\osgi-resource-locator-1.0.3.jar;C:\kafka\libs\paranamer-2.8.jar;C:\kafka\libs\plexus-utils-3.2.1.jar;C:\kafka\libs\reflections-0.9.12.jar;C:\kafka\libs\rocksdbjni-6.22.1.1.jar;C:\kafka\libs\scala-collection-compat_2.12-2.4.4.jar;C:\kafka\libs\scala-java8-compat_2.12-1.0.0.jar;C:\kafka\libs\scala-library-2.12.14.jar;C:\kafka\libs\scala-logging_2.12-3.9.3.jar;C:\kafka\libs\scala-reflect-2.12.14.jar;C:\kafka\libs\slf4j-api-1.7.30.jar;C:\kafka\libs\slf4j-log4j12-1.7.30.jar;C:\kafka\libs\snappy-java-1.1.8.4.jar;C:\kafka\libs\trogdor-3.1.0.jar;C:\kafka\libs\zookeeper-3.6.3.jar;C:\kafka\libs\zookeeper-jute-3.6.3.jar;C:\kafka\libs\zstd-jni-1.5.0-4.jar (org.apache.zookeeper.server.ZooKeeperServer)
[2022-02-11 21:26:16,800] INFO Server environment:java.library.path=C:\Program Files\Eclipse Foundation\jdk-8.0.302.8-hotspot\bin;C:\WINDOWS\Sun\Java\bin;C:\WINDOWS\system32;C:\WINDOWS;C:\Program Files\Eclipse Foundation\jdk-8.0.302.8-hotspot\bin;C:\Program Files (x86)\Common Files\Oracle\Java\javapath;C:\Program Files\Java\jdk-11.0.5\bin;C:\Windows\system32;C:\Windows;C:\Windows\System32\Wbem;C:\Windows\System32\WindowsPowerShell\v1.0\;C:\Windows\System32\OpenSSH\;C:\Program Files (x86)\NVIDIA Corporation\PhysX\Common;C:\Program Files\NVIDIA Corporation\NVIDIA NvDLISR;C:\Program Files\Git\cmd;C:\WINDOWS\system32;C:\WINDOWS;C:\WINDOWS\System32\Wbem;C:\WINDOWS\System32\WindowsPowerShell\v1.0\;C:\WINDOWS\System32\OpenSSH\;C:\Program Files\Microsoft SQL Server\Client SDK\ODBC\170\Tools\Binn\;C:\Program Files (x86)\Microsoft SQL Server\150\Tools\Binn\;C:\Program Files\Microsoft SQL Server\150\Tools\Binn\;C:\Program Files\Microsoft SQL Server\150\DTS\Binn\;C:\Program Files (x86)\Microsoft SQL Server\150\DTS\Binn\;C:\Program Files\Azure Data Studio\bin;C:\Program Files\nodejs\;C:\Program Files (x86)\Yarn\bin\;C:\Program Files\swipl\bin;C:\Program Files\Docker\Docker\resources\bin;C:\ProgramData\DockerDesktop\version-bin;C:\Gradle\gradle-6.9.1\bin;C:\Program Files (x86)\ChromeDriver;C:\Program Files (x86)\ChromeDriver;C:\Ruby27-x64\bin;C:\Users\hzM\AppData\Local\Programs\Python\Python37\Scripts\;C:\Users\hzM\AppData\Local\Programs\Python\Python37\;C:\Users\hzM\AppData\Local\Microsoft\WindowsApps;C:\Users\hzM\AppData\Local\Programs\Microsoft VS Code\bin;C:\Program Files\mingw-w64\x86_64-8.1.0-posix-seh-rt_v6-rev0\mingw64\bin;C:\Program Files (x86)\Nmap;C:\Program Files\Azure Data Studio\bin;C:\Users\hzM\AppData\Roaming\npm;C:\Users\hzM\AppData\Local\Yarn\bin;C:\Users\hzM\AppData\Local\Programs\Azure Data Studio\bin;C:\Program Files\heroku\bin;;. (org.apache.zookeeper.server.ZooKeeperServer)
[2022-02-11 21:26:16,807] INFO Server environment:java.io.tmpdir=C:\Users\hzM\AppData\Local\Temp\ (org.apache.zookeeper.server.ZooKeeperServer)
[2022-02-11 21:26:16,808] INFO Server environment:java.compiler=<NA> (org.apache.zookeeper.server.ZooKeeperServer)
[2022-02-11 21:26:16,809] INFO Server environment:os.name=Windows 10 (org.apache.zookeeper.server.ZooKeeperServer)
[2022-02-11 21:26:16,811] INFO Server environment:os.arch=amd64 (org.apache.zookeeper.server.ZooKeeperServer)
[2022-02-11 21:26:16,812] INFO Server environment:os.version=10.0 (org.apache.zookeeper.server.ZooKeeperServer)
[2022-02-11 21:26:16,813] INFO Server environment:user.name=hzM (org.apache.zookeeper.server.ZooKeeperServer)
[2022-02-11 21:26:16,815] INFO Server environment:user.home=C:\Users\hzM (org.apache.zookeeper.server.ZooKeeperServer)
[2022-02-11 21:26:16,816] INFO Server environment:user.dir=C:\kafka (org.apache.zookeeper.server.ZooKeeperServer)
[2022-02-11 21:26:16,817] INFO Server environment:os.memory.free=493MB (org.apache.zookeeper.server.ZooKeeperServer)
[2022-02-11 21:26:16,819] INFO Server environment:os.memory.max=512MB (org.apache.zookeeper.server.ZooKeeperServer)
[2022-02-11 21:26:16,819] INFO Server environment:os.memory.total=512MB (org.apache.zookeeper.server.ZooKeeperServer)
[2022-02-11 21:26:16,820] INFO zookeeper.enableEagerACLCheck = false (org.apache.zookeeper.server.ZooKeeperServer)
[2022-02-11 21:26:16,822] INFO zookeeper.digest.enabled = true (org.apache.zookeeper.server.ZooKeeperServer)
[2022-02-11 21:26:16,822] INFO zookeeper.closeSessionTxn.enabled = true (org.apache.zookeeper.server.ZooKeeperServer)
[2022-02-11 21:26:16,823] INFO zookeeper.flushDelay=0 (org.apache.zookeeper.server.ZooKeeperServer)
[2022-02-11 21:26:16,827] INFO zookeeper.maxWriteQueuePollTime=0 (org.apache.zookeeper.server.ZooKeeperServer)
[2022-02-11 21:26:16,828] INFO zookeeper.maxBatchSize=1000 (org.apache.zookeeper.server.ZooKeeperServer)
[2022-02-11 21:26:16,830] INFO zookeeper.intBufferStartingSizeBytes = 1024 (org.apache.zookeeper.server.ZooKeeperServer)
[2022-02-11 21:26:16,841] INFO Weighed connection throttling is disabled (org.apache.zookeeper.server.BlueThrottle)
[2022-02-11 21:26:16,850] INFO minSessionTimeout set to 6000 (org.apache.zookeeper.server.ZooKeeperServer)
[2022-02-11 21:26:16,851] INFO maxSessionTimeout set to 60000 (org.apache.zookeeper.server.ZooKeeperServer)
[2022-02-11 21:26:16,857] INFO Response cache size is initialized with value 400. (org.apache.zookeeper.server.ResponseCache)
[2022-02-11 21:26:16,858] INFO Response cache size is initialized with value 400. (org.apache.zookeeper.server.ResponseCache)
[2022-02-11 21:26:16,863] INFO zookeeper.pathStats.slotCapacity = 60 (org.apache.zookeeper.server.util.RequestPathMetricsCollector)
[2022-02-11 21:26:16,865] INFO zookeeper.pathStats.slotDuration = 15 (org.apache.zookeeper.server.util.RequestPathMetricsCollector)
[2022-02-11 21:26:16,866] INFO zookeeper.pathStats.maxDepth = 6 (org.apache.zookeeper.server.util.RequestPathMetricsCollector)
[2022-02-11 21:26:16,867] INFO zookeeper.pathStats.initialDelay = 5 (org.apache.zookeeper.server.util.RequestPathMetricsCollector)
[2022-02-11 21:26:16,868] INFO zookeeper.pathStats.delay = 5 (org.apache.zookeeper.server.util.RequestPathMetricsCollector)
[2022-02-11 21:26:16,869] INFO zookeeper.pathStats.enabled = false (org.apache.zookeeper.server.util.RequestPathMetricsCollector)
[2022-02-11 21:26:16,884] INFO The max bytes for all large requests are set to 104857600 (org.apache.zookeeper.server.ZooKeeperServer)
[2022-02-11 21:26:16,889] INFO The large request threshold is set to -1 (org.apache.zookeeper.server.ZooKeeperServer)
[2022-02-11 21:26:16,890] INFO Created server with tickTime 3000 minSessionTimeout 6000 maxSessionTimeout 60000 clientPortListenBacklog -1 datadir C:\kafka\zookeeper\version-2 snapdir C:\kafka\zookeeper\version-2 (org.apache.zookeeper.server.ZooKeeperServer)
[2022-02-11 21:26:16,963] INFO Using org.apache.zookeeper.server.NIOServerCnxnFactory as server connection factory (org.apache.zookeeper.server.ServerCnxnFactory)
[2022-02-11 21:26:16,972] WARN maxCnxns is not configured, using default value 0. (org.apache.zookeeper.server.ServerCnxnFactory)
[2022-02-11 21:26:16,978] INFO Configuring NIO connection handler with 10s sessionless connection timeout, 2 selector thread(s), 16 worker threads, and 64 kB direct buffers. (org.apache.zookeeper.server.NIOServerCnxnFactory)
[2022-02-11 21:26:16,990] INFO binding to port 0.0.0.0/0.0.0.0:2181 (org.apache.zookeeper.server.NIOServerCnxnFactory)
[2022-02-11 21:26:16,993] ERROR Unexpected exception, exiting abnormally (org.apache.zookeeper.server.ZooKeeperServerMain)
java.net.BindException: Address already in use: bind
	at sun.nio.ch.Net.bind0(Native Method)
	at sun.nio.ch.Net.bind(Net.java:461)
	at sun.nio.ch.Net.bind(Net.java:453)
	at sun.nio.ch.ServerSocketChannelImpl.bind(ServerSocketChannelImpl.java:222)
	at sun.nio.ch.ServerSocketAdaptor.bind(ServerSocketAdaptor.java:85)
	at sun.nio.ch.ServerSocketAdaptor.bind(ServerSocketAdaptor.java:78)
	at org.apache.zookeeper.server.NIOServerCnxnFactory.configure(NIOServerCnxnFactory.java:676)
	at org.apache.zookeeper.server.ZooKeeperServerMain.runFromConfig(ZooKeeperServerMain.java:158)
	at org.apache.zookeeper.server.ZooKeeperServerMain.initializeAndRun(ZooKeeperServerMain.java:112)
	at org.apache.zookeeper.server.ZooKeeperServerMain.main(ZooKeeperServerMain.java:67)
	at org.apache.zookeeper.server.quorum.QuorumPeerMain.initializeAndRun(QuorumPeerMain.java:140)
	at org.apache.zookeeper.server.quorum.QuorumPeerMain.main(QuorumPeerMain.java:90)
[2022-02-11 21:26:17,009] INFO ZooKeeper audit is disabled. (org.apache.zookeeper.audit.ZKAuditProvider)
[2022-02-11 21:26:17,017] ERROR Exiting JVM with code 1 (org.apache.zookeeper.util.ServiceUtils)
[2022-02-11 21:26:23,937] INFO Registered kafka:type=kafka.Log4jController MBean (kafka.utils.Log4jControllerRegistration$)
[2022-02-11 21:26:25,370] INFO Setting -D jdk.tls.rejectClientInitiatedRenegotiation=true to disable client-initiated TLS renegotiation (org.apache.zookeeper.common.X509Util)
[2022-02-11 21:26:25,642] INFO starting (kafka.server.KafkaServer)
[2022-02-11 21:26:25,645] INFO Connecting to zookeeper on localhost:2181 (kafka.server.KafkaServer)
[2022-02-11 21:26:25,723] INFO [ZooKeeperClient Kafka server] Initializing a new session to localhost:2181. (kafka.zookeeper.ZooKeeperClient)
